   1               		.file	"PMDtrans.c"
   2               	__SREG__ = 0x3f
   3               	__SP_H__ = 0x3e
   4               	__SP_L__ = 0x3d
   5               	__CCP__  = 0x34
   6               	__tmp_reg__ = 0
   7               	__zero_reg__ = 1
   9               		.text
  10               	.Ltext0:
 216               	.global	BuildCommand
 218               	BuildCommand:
   1:C:/Jarboter_V_2_1/Firmware/Interface_uC_PMD/C/PMDtrans.c **** // .c part
   2:C:/Jarboter_V_2_1/Firmware/Interface_uC_PMD/C/PMDtrans.c **** #include <avr/io.h>
   3:C:/Jarboter_V_2_1/Firmware/Interface_uC_PMD/C/PMDtrans.c **** #include "PMDtrans.h"
   4:C:/Jarboter_V_2_1/Firmware/Interface_uC_PMD/C/PMDtrans.c **** 
   5:C:/Jarboter_V_2_1/Firmware/Interface_uC_PMD/C/PMDtrans.c **** 
   6:C:/Jarboter_V_2_1/Firmware/Interface_uC_PMD/C/PMDtrans.c **** PMDuint16 BuildCommand(PMDuint16 OPCode, PMDAxis axis)
   7:C:/Jarboter_V_2_1/Firmware/Interface_uC_PMD/C/PMDtrans.c **** {
 219               	68,0,7,.LM0-.LFBB1
 220               	.LM0:
 221               	.LFBB1:
 222               	/* prologue: function */
 223               	/* frame size = 0 */
 225               	.LM1:
 226 0000 362F      		mov r19,r22
 227 0002 20E0      		ldi r18,lo8(0)
 228 0004 282B      		or r18,r24
 229 0006 392B      		or r19,r25
   8:C:/Jarboter_V_2_1/Firmware/Interface_uC_PMD/C/PMDtrans.c **** 	return ((PMDuint16)((PMDuint32)OPCode | ((PMDuint32)axis << 8)));
   9:C:/Jarboter_V_2_1/Firmware/Interface_uC_PMD/C/PMDtrans.c **** }
 230               	0,9,.LM2-.LFBB1
 231               	.LM2:
 232 0008 C901      		movw r24,r18
 233               	/* epilogue start */
 234 000a 0895      		ret
 236               	.Lscope1:
 240               	.global	SendCommand
 242               	SendCommand:
  10:C:/Jarboter_V_2_1/Firmware/Interface_uC_PMD/C/PMDtrans.c **** 
  11:C:/Jarboter_V_2_1/Firmware/Interface_uC_PMD/C/PMDtrans.c **** 
  12:C:/Jarboter_V_2_1/Firmware/Interface_uC_PMD/C/PMDtrans.c **** 
  13:C:/Jarboter_V_2_1/Firmware/Interface_uC_PMD/C/PMDtrans.c **** 
  14:C:/Jarboter_V_2_1/Firmware/Interface_uC_PMD/C/PMDtrans.c **** PMDuint16 SendCommand(PMDAxisHandle* axis_handle, PMDuint16 OPCode)
  15:C:/Jarboter_V_2_1/Firmware/Interface_uC_PMD/C/PMDtrans.c **** {
 243               	15,.LM3-.LFBB2
 244               	.LM3:
 245               	.LFBB2:
 246 000c 0F93      		push r16
 247 000e 1F93      		push r17
 248 0010 DF93      		push r29
 249 0012 CF93      		push r28
 250 0014 00D0      		rcall .
 251 0016 CDB7      		in r28,__SP_L__
 252 0018 DEB7      		in r29,__SP_H__
 253               	/* prologue: function */
 254               	/* frame size = 2 */
 255 001a FC01      		movw r30,r24
  16:C:/Jarboter_V_2_1/Firmware/Interface_uC_PMD/C/PMDtrans.c ****         PMDuint16 buffer[1];
  17:C:/Jarboter_V_2_1/Firmware/Interface_uC_PMD/C/PMDtrans.c **** 
  18:C:/Jarboter_V_2_1/Firmware/Interface_uC_PMD/C/PMDtrans.c ****         buffer[0] = BuildCommand(OPCode,axis_handle->axis);
 256               	18,.LM4-.LFBB2
 257               	.LM4:
 258 001c 9281      		ldd r25,Z+2
 259 001e 80E0      		ldi r24,lo8(0)
 260 0020 862B      		or r24,r22
 261 0022 972B      		or r25,r23
 262 0024 9A83      		std Y+2,r25
 263 0026 8983      		std Y+1,r24
  19:C:/Jarboter_V_2_1/Firmware/Interface_uC_PMD/C/PMDtrans.c **** 
  20:C:/Jarboter_V_2_1/Firmware/Interface_uC_PMD/C/PMDtrans.c ****         return axis_handle->transport.SendCommand(axis_handle->transport_data, 1, buffer, 0, PMDnul
 264               	68,0,20,.LM5-.LFBB2
 265               	.LM5:
 266 0028 DF01      		movw r26,r30
 267 002a A25A      		subi r26,lo8(-(94))
 268 002c BF4F      		sbci r27,hi8(-(94))
 269 002e E05B      		subi r30,lo8(-(80))
 270 0030 FF4F      		sbci r31,hi8(-(80))
 271 0032 0190      		ld __tmp_reg__,Z+
 272 0034 F081      		ld r31,Z
 273 0036 E02D      		mov r30,__tmp_reg__
 274 0038 8D91      		ld r24,X+
 275 003a 9C91      		ld r25,X
 276 003c 61E0      		ldi r22,lo8(1)
 277 003e AE01      		movw r20,r28
 278 0040 4F5F      		subi r20,lo8(-(1))
 279 0042 5F4F      		sbci r21,hi8(-(1))
 280 0044 20E0      		ldi r18,lo8(0)
 281 0046 00E0      		ldi r16,lo8(0)
 282 0048 10E0      		ldi r17,hi8(0)
 283 004a 0995      		icall
 284               	/* epilogue start */
  21:C:/Jarboter_V_2_1/Firmware/Interface_uC_PMD/C/PMDtrans.c **** }
 285               	.LFBB2
 286               	.LM6:
 287 004c 0F90      		pop __tmp_reg__
 288 004e 0F90      		pop __tmp_reg__
 289 0050 CF91      		pop r28
 290 0052 DF91      		pop r29
 291 0054 1F91      		pop r17
 292 0056 0F91      		pop r16
 293 0058 0895      		ret
 298               	.Lscope2:
 303               	.global	SendCommandWord
 305               	SendCommandWord:
  22:C:/Jarboter_V_2_1/Firmware/Interface_uC_PMD/C/PMDtrans.c **** 
  23:C:/Jarboter_V_2_1/Firmware/Interface_uC_PMD/C/PMDtrans.c **** 
  24:C:/Jarboter_V_2_1/Firmware/Interface_uC_PMD/C/PMDtrans.c **** PMDuint16 SendCommandWord(PMDAxisHandle* axis_handle, PMDuint16 OPCode, PMDuint16 data1)
  25:C:/Jarboter_V_2_1/Firmware/Interface_uC_PMD/C/PMDtrans.c **** {
 306               	.LFBB3
 307               	.LM7:
 308               	.LFBB3:
 309 005a 0F93      		push r16
 310 005c 1F93      		push r17
 311 005e DF93      		push r29
 312 0060 CF93      		push r28
 313 0062 00D0      		rcall .
 314 0064 00D0      		rcall .
 315 0066 CDB7      		in r28,__SP_L__
 316 0068 DEB7      		in r29,__SP_H__
 317               	/* prologue: function */
 318               	/* frame size = 4 */
 319 006a FC01      		movw r30,r24
  26:C:/Jarboter_V_2_1/Firmware/Interface_uC_PMD/C/PMDtrans.c ****         PMDuint16 buffer[2];
  27:C:/Jarboter_V_2_1/Firmware/Interface_uC_PMD/C/PMDtrans.c **** 
  28:C:/Jarboter_V_2_1/Firmware/Interface_uC_PMD/C/PMDtrans.c ****         buffer[0] = BuildCommand(OPCode,axis_handle->axis);
 320               	8,.LM8-.LFBB3
 321               	.LM8:
 322 006c 9281      		ldd r25,Z+2
 323 006e 80E0      		ldi r24,lo8(0)
 324 0070 862B      		or r24,r22
 325 0072 972B      		or r25,r23
 326 0074 9A83      		std Y+2,r25
 327 0076 8983      		std Y+1,r24
  29:C:/Jarboter_V_2_1/Firmware/Interface_uC_PMD/C/PMDtrans.c ****         buffer[1] = (PMDuint16)data1;
 328               	68,0,29,.LM9-.LFBB3
 329               	.LM9:
 330 0078 5C83      		std Y+4,r21
 331 007a 4B83      		std Y+3,r20
  30:C:/Jarboter_V_2_1/Firmware/Interface_uC_PMD/C/PMDtrans.c **** 
  31:C:/Jarboter_V_2_1/Firmware/Interface_uC_PMD/C/PMDtrans.c ****         return axis_handle->transport.SendCommand(axis_handle->transport_data, 2, buffer, 0, PMDnul
 332               	abn	68,0,31,.LM10-.LFBB3
 333               	.LM10:
 334 007c DF01      		movw r26,r30
 335 007e A25A      		subi r26,lo8(-(94))
 336 0080 BF4F      		sbci r27,hi8(-(94))
 337 0082 E05B      		subi r30,lo8(-(80))
 338 0084 FF4F      		sbci r31,hi8(-(80))
 339 0086 0190      		ld __tmp_reg__,Z+
 340 0088 F081      		ld r31,Z
 341 008a E02D      		mov r30,__tmp_reg__
 342 008c 8D91      		ld r24,X+
 343 008e 9C91      		ld r25,X
 344 0090 62E0      		ldi r22,lo8(2)
 345 0092 AE01      		movw r20,r28
 346 0094 4F5F      		subi r20,lo8(-(1))
 347 0096 5F4F      		sbci r21,hi8(-(1))
 348 0098 20E0      		ldi r18,lo8(0)
 349 009a 00E0      		ldi r16,lo8(0)
 350 009c 10E0      		ldi r17,hi8(0)
 351 009e 0995      		icall
 352               	/* epilogue start */
  32:C:/Jarboter_V_2_1/Firmware/Interface_uC_PMD/C/PMDtrans.c **** }
 353               	-.LFBB3
 354               	.LM11:
 355 00a0 0F90      		pop __tmp_reg__
 356 00a2 0F90      		pop __tmp_reg__
 357 00a4 0F90      		pop __tmp_reg__
 358 00a6 0F90      		pop __tmp_reg__
 359 00a8 CF91      		pop r28
 360 00aa DF91      		pop r29
 361 00ac 1F91      		pop r17
 362 00ae 0F91      		pop r16
 363 00b0 0895      		ret
 368               	.Lscope3:
 374               	.global	SendCommandWordWord
 376               	SendCommandWordWord:
  33:C:/Jarboter_V_2_1/Firmware/Interface_uC_PMD/C/PMDtrans.c **** 
  34:C:/Jarboter_V_2_1/Firmware/Interface_uC_PMD/C/PMDtrans.c **** 
  35:C:/Jarboter_V_2_1/Firmware/Interface_uC_PMD/C/PMDtrans.c **** PMDuint16 SendCommandWordWord(PMDAxisHandle* axis_handle, PMDuint16 OPCode, PMDuint16 data1, PMDuin
  36:C:/Jarboter_V_2_1/Firmware/Interface_uC_PMD/C/PMDtrans.c **** {
 377               	FBB4
 378               	.LM12:
 379               	.LFBB4:
 380 00b2 0F93      		push r16
 381 00b4 1F93      		push r17
 382 00b6 DF93      		push r29
 383 00b8 CF93      		push r28
 384 00ba 00D0      		rcall .
 385 00bc 00D0      		rcall .
 386 00be 00D0      		rcall .
 387 00c0 CDB7      		in r28,__SP_L__
 388 00c2 DEB7      		in r29,__SP_H__
 389               	/* prologue: function */
 390               	/* frame size = 6 */
 391 00c4 FC01      		movw r30,r24
  37:C:/Jarboter_V_2_1/Firmware/Interface_uC_PMD/C/PMDtrans.c ****         PMDuint16 buffer[3];
  38:C:/Jarboter_V_2_1/Firmware/Interface_uC_PMD/C/PMDtrans.c **** 
  39:C:/Jarboter_V_2_1/Firmware/Interface_uC_PMD/C/PMDtrans.c ****         buffer[0] = BuildCommand(OPCode,axis_handle->axis);
 392               	,.LM13-.LFBB4
 393               	.LM13:
 394 00c6 9281      		ldd r25,Z+2
 395 00c8 80E0      		ldi r24,lo8(0)
 396 00ca 862B      		or r24,r22
 397 00cc 972B      		or r25,r23
 398 00ce 9A83      		std Y+2,r25
 399 00d0 8983      		std Y+1,r24
  40:C:/Jarboter_V_2_1/Firmware/Interface_uC_PMD/C/PMDtrans.c ****         buffer[1] = (PMDuint16)data1;
 400               	68,0,40,.LM14-.LFBB4
 401               	.LM14:
 402 00d2 5C83      		std Y+4,r21
 403 00d4 4B83      		std Y+3,r20
  41:C:/Jarboter_V_2_1/Firmware/Interface_uC_PMD/C/PMDtrans.c ****         buffer[2] = (PMDuint16)data2;
 404               	abn	68,0,41,.LM15-.LFBB4
 405               	.LM15:
 406 00d6 3E83      		std Y+6,r19
 407 00d8 2D83      		std Y+5,r18
  42:C:/Jarboter_V_2_1/Firmware/Interface_uC_PMD/C/PMDtrans.c **** 
  43:C:/Jarboter_V_2_1/Firmware/Interface_uC_PMD/C/PMDtrans.c ****         return axis_handle->transport.SendCommand(axis_handle->transport_data, 3, buffer, 0, PMDnul
 408               	abn	68,0,43,.LM16-.LFBB4
 409               	.LM16:
 410 00da DF01      		movw r26,r30
 411 00dc A25A      		subi r26,lo8(-(94))
 412 00de BF4F      		sbci r27,hi8(-(94))
 413 00e0 E05B      		subi r30,lo8(-(80))
 414 00e2 FF4F      		sbci r31,hi8(-(80))
 415 00e4 0190      		ld __tmp_reg__,Z+
 416 00e6 F081      		ld r31,Z
 417 00e8 E02D      		mov r30,__tmp_reg__
 418 00ea 8D91      		ld r24,X+
 419 00ec 9C91      		ld r25,X
 420 00ee 63E0      		ldi r22,lo8(3)
 421 00f0 AE01      		movw r20,r28
 422 00f2 4F5F      		subi r20,lo8(-(1))
 423 00f4 5F4F      		sbci r21,hi8(-(1))
 424 00f6 20E0      		ldi r18,lo8(0)
 425 00f8 00E0      		ldi r16,lo8(0)
 426 00fa 10E0      		ldi r17,hi8(0)
 427 00fc 0995      		icall
 428               	/* epilogue start */
  44:C:/Jarboter_V_2_1/Firmware/Interface_uC_PMD/C/PMDtrans.c **** }
 429               	-.LFBB4
 430               	.LM17:
 431 00fe 2696      		adiw r28,6
 432 0100 0FB6      		in __tmp_reg__,__SREG__
 433 0102 F894      		cli
 434 0104 DEBF      		out __SP_H__,r29
 435 0106 0FBE      		out __SREG__,__tmp_reg__
 436 0108 CDBF      		out __SP_L__,r28
 437 010a CF91      		pop r28
 438 010c DF91      		pop r29
 439 010e 1F91      		pop r17
 440 0110 0F91      		pop r16
 441 0112 0895      		ret
 446               	.Lscope4:
 451               	.global	SendCommandLong
 453               	SendCommandLong:
  45:C:/Jarboter_V_2_1/Firmware/Interface_uC_PMD/C/PMDtrans.c **** 
  46:C:/Jarboter_V_2_1/Firmware/Interface_uC_PMD/C/PMDtrans.c **** 
  47:C:/Jarboter_V_2_1/Firmware/Interface_uC_PMD/C/PMDtrans.c **** PMDuint16 SendCommandLong(PMDAxisHandle* axis_handle, PMDuint16 OPCode, PMDuint32 data1)
  48:C:/Jarboter_V_2_1/Firmware/Interface_uC_PMD/C/PMDtrans.c **** {
 454               	BB5
 455               	.LM18:
 456               	.LFBB5:
 457 0114 0F93      		push r16
 458 0116 1F93      		push r17
 459 0118 DF93      		push r29
 460 011a CF93      		push r28
 461 011c CDB7      		in r28,__SP_L__
 462 011e DEB7      		in r29,__SP_H__
 463 0120 2A97      		sbiw r28,10
 464 0122 0FB6      		in __tmp_reg__,__SREG__
 465 0124 F894      		cli
 466 0126 DEBF      		out __SP_H__,r29
 467 0128 0FBE      		out __SREG__,__tmp_reg__
 468 012a CDBF      		out __SP_L__,r28
 469               	/* prologue: function */
 470               	/* frame size = 10 */
 471 012c FC01      		movw r30,r24
 472 012e 2F83      		std Y+7,r18
 473 0130 3887      		std Y+8,r19
 474 0132 4987      		std Y+9,r20
 475 0134 5A87      		std Y+10,r21
  49:C:/Jarboter_V_2_1/Firmware/Interface_uC_PMD/C/PMDtrans.c ****         PMDuint16 buffer[3];
  50:C:/Jarboter_V_2_1/Firmware/Interface_uC_PMD/C/PMDtrans.c ****         PMDuint16* ptr;
  51:C:/Jarboter_V_2_1/Firmware/Interface_uC_PMD/C/PMDtrans.c **** 		PMDuint32* temp;
  52:C:/Jarboter_V_2_1/Firmware/Interface_uC_PMD/C/PMDtrans.c **** 
  53:C:/Jarboter_V_2_1/Firmware/Interface_uC_PMD/C/PMDtrans.c ****         buffer[0] = BuildCommand(OPCode,axis_handle->axis);
 476               	.LFBB5
 477               	.LM19:
 478 0136 9281      		ldd r25,Z+2
 479 0138 80E0      		ldi r24,lo8(0)
 480 013a 862B      		or r24,r22
 481 013c 972B      		or r25,r23
 482 013e 9A83      		std Y+2,r25
 483 0140 8983      		std Y+1,r24
  54:C:/Jarboter_V_2_1/Firmware/Interface_uC_PMD/C/PMDtrans.c **** 		temp=&data1;
  55:C:/Jarboter_V_2_1/Firmware/Interface_uC_PMD/C/PMDtrans.c ****         ptr = (PMDuint16 *)temp;
  56:C:/Jarboter_V_2_1/Firmware/Interface_uC_PMD/C/PMDtrans.c ****         buffer[1]=*(ptr+1); //Write MSW first
 484               	68,0,56,.LM20-.LFBB5
 485               	.LM20:
 486 0142 8985      		ldd r24,Y+9
 487 0144 9A85      		ldd r25,Y+10
 488 0146 9C83      		std Y+4,r25
 489 0148 8B83      		std Y+3,r24
  57:C:/Jarboter_V_2_1/Firmware/Interface_uC_PMD/C/PMDtrans.c ****         buffer[2]=*ptr;
 490               	n	68,0,57,.LM21-.LFBB5
 491               	.LM21:
 492 014a 8F81      		ldd r24,Y+7
 493 014c 9885      		ldd r25,Y+8
 494 014e 9E83      		std Y+6,r25
 495 0150 8D83      		std Y+5,r24
  58:C:/Jarboter_V_2_1/Firmware/Interface_uC_PMD/C/PMDtrans.c **** 
  59:C:/Jarboter_V_2_1/Firmware/Interface_uC_PMD/C/PMDtrans.c ****         return axis_handle->transport.SendCommand(axis_handle->transport_data, 3, buffer, 0, PMDnul
 496               	n	68,0,59,.LM22-.LFBB5
 497               	.LM22:
 498 0152 DF01      		movw r26,r30
 499 0154 A25A      		subi r26,lo8(-(94))
 500 0156 BF4F      		sbci r27,hi8(-(94))
 501 0158 E05B      		subi r30,lo8(-(80))
 502 015a FF4F      		sbci r31,hi8(-(80))
 503 015c 0190      		ld __tmp_reg__,Z+
 504 015e F081      		ld r31,Z
 505 0160 E02D      		mov r30,__tmp_reg__
 506 0162 8D91      		ld r24,X+
 507 0164 9C91      		ld r25,X
 508 0166 63E0      		ldi r22,lo8(3)
 509 0168 AE01      		movw r20,r28
 510 016a 4F5F      		subi r20,lo8(-(1))
 511 016c 5F4F      		sbci r21,hi8(-(1))
 512 016e 20E0      		ldi r18,lo8(0)
 513 0170 00E0      		ldi r16,lo8(0)
 514 0172 10E0      		ldi r17,hi8(0)
 515 0174 0995      		icall
 516               	/* epilogue start */
  60:C:/Jarboter_V_2_1/Firmware/Interface_uC_PMD/C/PMDtrans.c **** }
 517               	-.LFBB5
 518               	.LM23:
 519 0176 2A96      		adiw r28,10
 520 0178 0FB6      		in __tmp_reg__,__SREG__
 521 017a F894      		cli
 522 017c DEBF      		out __SP_H__,r29
 523 017e 0FBE      		out __SREG__,__tmp_reg__
 524 0180 CDBF      		out __SP_L__,r28
 525 0182 CF91      		pop r28
 526 0184 DF91      		pop r29
 527 0186 1F91      		pop r17
 528 0188 0F91      		pop r16
 529 018a 0895      		ret
 534               	.Lscope5:
 540               	.global	SendCommandWordLong
 542               	SendCommandWordLong:
  61:C:/Jarboter_V_2_1/Firmware/Interface_uC_PMD/C/PMDtrans.c **** 
  62:C:/Jarboter_V_2_1/Firmware/Interface_uC_PMD/C/PMDtrans.c **** 
  63:C:/Jarboter_V_2_1/Firmware/Interface_uC_PMD/C/PMDtrans.c **** PMDuint16 SendCommandWordLong(PMDAxisHandle* axis_handle, PMDuint16 OPCode, PMDuint16 data1, PMDuin
  64:C:/Jarboter_V_2_1/Firmware/Interface_uC_PMD/C/PMDtrans.c **** {
 543               	B6
 544               	.LM24:
 545               	.LFBB6:
 546 018c 0F93      		push r16
 547 018e 1F93      		push r17
 548 0190 DF93      		push r29
 549 0192 CF93      		push r28
 550 0194 CDB7      		in r28,__SP_L__
 551 0196 DEB7      		in r29,__SP_H__
 552 0198 2C97      		sbiw r28,12
 553 019a 0FB6      		in __tmp_reg__,__SREG__
 554 019c F894      		cli
 555 019e DEBF      		out __SP_H__,r29
 556 01a0 0FBE      		out __SREG__,__tmp_reg__
 557 01a2 CDBF      		out __SP_L__,r28
 558               	/* prologue: function */
 559               	/* frame size = 12 */
 560 01a4 FC01      		movw r30,r24
 561 01a6 0987      		std Y+9,r16
 562 01a8 1A87      		std Y+10,r17
 563 01aa 2B87      		std Y+11,r18
 564 01ac 3C87      		std Y+12,r19
  65:C:/Jarboter_V_2_1/Firmware/Interface_uC_PMD/C/PMDtrans.c ****         PMDuint16 buffer[4];
  66:C:/Jarboter_V_2_1/Firmware/Interface_uC_PMD/C/PMDtrans.c ****         PMDuint16 *ptr;
  67:C:/Jarboter_V_2_1/Firmware/Interface_uC_PMD/C/PMDtrans.c **** 		PMDuint32 *temp;
  68:C:/Jarboter_V_2_1/Firmware/Interface_uC_PMD/C/PMDtrans.c **** 
  69:C:/Jarboter_V_2_1/Firmware/Interface_uC_PMD/C/PMDtrans.c ****         buffer[0] = BuildCommand(OPCode,axis_handle->axis);
 565               	.LFBB6
 566               	.LM25:
 567 01ae 9281      		ldd r25,Z+2
 568 01b0 80E0      		ldi r24,lo8(0)
 569 01b2 862B      		or r24,r22
 570 01b4 972B      		or r25,r23
 571 01b6 9A83      		std Y+2,r25
 572 01b8 8983      		std Y+1,r24
  70:C:/Jarboter_V_2_1/Firmware/Interface_uC_PMD/C/PMDtrans.c ****         buffer[1] = data1;
 573               	68,0,70,.LM26-.LFBB6
 574               	.LM26:
 575 01ba 5C83      		std Y+4,r21
 576 01bc 4B83      		std Y+3,r20
  71:C:/Jarboter_V_2_1/Firmware/Interface_uC_PMD/C/PMDtrans.c **** 		temp=&data2;
  72:C:/Jarboter_V_2_1/Firmware/Interface_uC_PMD/C/PMDtrans.c ****         ptr = (PMDuint16 *)temp;
  73:C:/Jarboter_V_2_1/Firmware/Interface_uC_PMD/C/PMDtrans.c ****         buffer[2]=*(ptr+1); //Write MSW first
 577               	abn	68,0,73,.LM27-.LFBB6
 578               	.LM27:
 579 01be 8B85      		ldd r24,Y+11
 580 01c0 9C85      		ldd r25,Y+12
 581 01c2 9E83      		std Y+6,r25
 582 01c4 8D83      		std Y+5,r24
  74:C:/Jarboter_V_2_1/Firmware/Interface_uC_PMD/C/PMDtrans.c ****         buffer[3]=*ptr;
 583               	n	68,0,74,.LM28-.LFBB6
 584               	.LM28:
 585 01c6 8985      		ldd r24,Y+9
 586 01c8 9A85      		ldd r25,Y+10
 587 01ca 9887      		std Y+8,r25
 588 01cc 8F83      		std Y+7,r24
  75:C:/Jarboter_V_2_1/Firmware/Interface_uC_PMD/C/PMDtrans.c **** 
  76:C:/Jarboter_V_2_1/Firmware/Interface_uC_PMD/C/PMDtrans.c ****         return axis_handle->transport.SendCommand(axis_handle->transport_data, 4, buffer, 0, PMDnul
 589               	n	68,0,76,.LM29-.LFBB6
 590               	.LM29:
 591 01ce DF01      		movw r26,r30
 592 01d0 A25A      		subi r26,lo8(-(94))
 593 01d2 BF4F      		sbci r27,hi8(-(94))
 594 01d4 E05B      		subi r30,lo8(-(80))
 595 01d6 FF4F      		sbci r31,hi8(-(80))
 596 01d8 0190      		ld __tmp_reg__,Z+
 597 01da F081      		ld r31,Z
 598 01dc E02D      		mov r30,__tmp_reg__
 599 01de 8D91      		ld r24,X+
 600 01e0 9C91      		ld r25,X
 601 01e2 64E0      		ldi r22,lo8(4)
 602 01e4 AE01      		movw r20,r28
 603 01e6 4F5F      		subi r20,lo8(-(1))
 604 01e8 5F4F      		sbci r21,hi8(-(1))
 605 01ea 20E0      		ldi r18,lo8(0)
 606 01ec 00E0      		ldi r16,lo8(0)
 607 01ee 10E0      		ldi r17,hi8(0)
 608 01f0 0995      		icall
 609               	/* epilogue start */
  77:C:/Jarboter_V_2_1/Firmware/Interface_uC_PMD/C/PMDtrans.c **** }
 610               	-.LFBB6
 611               	.LM30:
 612 01f2 2C96      		adiw r28,12
 613 01f4 0FB6      		in __tmp_reg__,__SREG__
 614 01f6 F894      		cli
 615 01f8 DEBF      		out __SP_H__,r29
 616 01fa 0FBE      		out __SREG__,__tmp_reg__
 617 01fc CDBF      		out __SP_L__,r28
 618 01fe CF91      		pop r28
 619 0200 DF91      		pop r29
 620 0202 1F91      		pop r17
 621 0204 0F91      		pop r16
 622 0206 0895      		ret
 627               	.Lscope6:
 632               	.global	SendCommandGetWord
 634               	SendCommandGetWord:
  78:C:/Jarboter_V_2_1/Firmware/Interface_uC_PMD/C/PMDtrans.c **** 
  79:C:/Jarboter_V_2_1/Firmware/Interface_uC_PMD/C/PMDtrans.c **** 
  80:C:/Jarboter_V_2_1/Firmware/Interface_uC_PMD/C/PMDtrans.c **** PMDuint16 SendCommandGetWord(PMDAxisHandle* axis_handle, PMDuint16 OPCode, PMDuint16 *data1)
  81:C:/Jarboter_V_2_1/Firmware/Interface_uC_PMD/C/PMDtrans.c **** {
 635               	BB7
 636               	.LM31:
 637               	.LFBB7:
 638 0208 EF92      		push r14
 639 020a FF92      		push r15
 640 020c 0F93      		push r16
 641 020e 1F93      		push r17
 642 0210 DF93      		push r29
 643 0212 CF93      		push r28
 644 0214 00D0      		rcall .
 645 0216 00D0      		rcall .
 646 0218 CDB7      		in r28,__SP_L__
 647 021a DEB7      		in r29,__SP_H__
 648               	/* prologue: function */
 649               	/* frame size = 4 */
 650 021c FC01      		movw r30,r24
 651 021e 7A01      		movw r14,r20
  82:C:/Jarboter_V_2_1/Firmware/Interface_uC_PMD/C/PMDtrans.c ****         PMDuint16 result = PMD_ERR_OK;
  83:C:/Jarboter_V_2_1/Firmware/Interface_uC_PMD/C/PMDtrans.c ****         PMDuint16 buffer[2];
  84:C:/Jarboter_V_2_1/Firmware/Interface_uC_PMD/C/PMDtrans.c **** 
  85:C:/Jarboter_V_2_1/Firmware/Interface_uC_PMD/C/PMDtrans.c ****         buffer[0] = BuildCommand(OPCode,axis_handle->axis);
 652               	LM32-.LFBB7
 653               	.LM32:
 654 0220 9281      		ldd r25,Z+2
 655 0222 80E0      		ldi r24,lo8(0)
 656 0224 862B      		or r24,r22
 657 0226 972B      		or r25,r23
 658 0228 9A83      		std Y+2,r25
 659 022a 8983      		std Y+1,r24
  86:C:/Jarboter_V_2_1/Firmware/Interface_uC_PMD/C/PMDtrans.c **** 
  87:C:/Jarboter_V_2_1/Firmware/Interface_uC_PMD/C/PMDtrans.c ****         result = axis_handle->transport.SendCommand(axis_handle->transport_data, 1, buffer, 1, buff
 660               	68,0,87,.LM33-.LFBB7
 661               	.LM33:
 662 022c DF01      		movw r26,r30
 663 022e A25A      		subi r26,lo8(-(94))
 664 0230 BF4F      		sbci r27,hi8(-(94))
 665 0232 E05B      		subi r30,lo8(-(80))
 666 0234 FF4F      		sbci r31,hi8(-(80))
 667 0236 0190      		ld __tmp_reg__,Z+
 668 0238 F081      		ld r31,Z
 669 023a E02D      		mov r30,__tmp_reg__
 670 023c 8D91      		ld r24,X+
 671 023e 9C91      		ld r25,X
 672 0240 61E0      		ldi r22,lo8(1)
 673 0242 AE01      		movw r20,r28
 674 0244 4F5F      		subi r20,lo8(-(1))
 675 0246 5F4F      		sbci r21,hi8(-(1))
 676 0248 21E0      		ldi r18,lo8(1)
 677 024a 8E01      		movw r16,r28
 678 024c 0D5F      		subi r16,lo8(-(3))
 679 024e 1F4F      		sbci r17,hi8(-(3))
 680 0250 0995      		icall
  88:C:/Jarboter_V_2_1/Firmware/Interface_uC_PMD/C/PMDtrans.c **** 
  89:C:/Jarboter_V_2_1/Firmware/Interface_uC_PMD/C/PMDtrans.c ****         *data1 = (PMDuint16)buffer[1];
 681               	-.LFBB7
 682               	.LM34:
 683 0252 2B81      		ldd r18,Y+3
 684 0254 3C81      		ldd r19,Y+4
 685 0256 F701      		movw r30,r14
 686 0258 3183      		std Z+1,r19
 687 025a 2083      		st Z,r18
 688               	/* epilogue start */
  90:C:/Jarboter_V_2_1/Firmware/Interface_uC_PMD/C/PMDtrans.c **** 
  91:C:/Jarboter_V_2_1/Firmware/Interface_uC_PMD/C/PMDtrans.c ****         return result;
  92:C:/Jarboter_V_2_1/Firmware/Interface_uC_PMD/C/PMDtrans.c **** }
 689               	68,0,92,.LM35-.LFBB7
 690               	.LM35:
 691 025c 0F90      		pop __tmp_reg__
 692 025e 0F90      		pop __tmp_reg__
 693 0260 0F90      		pop __tmp_reg__
 694 0262 0F90      		pop __tmp_reg__
 695 0264 CF91      		pop r28
 696 0266 DF91      		pop r29
 697 0268 1F91      		pop r17
 698 026a 0F91      		pop r16
 699 026c FF90      		pop r15
 700 026e EF90      		pop r14
 701 0270 0895      		ret
 706               	.Lscope7:
 712               	.global	SendCommandGetWordWord
 714               	SendCommandGetWordWord:
  93:C:/Jarboter_V_2_1/Firmware/Interface_uC_PMD/C/PMDtrans.c **** 
  94:C:/Jarboter_V_2_1/Firmware/Interface_uC_PMD/C/PMDtrans.c **** PMDuint16 SendCommandGetWordWord(PMDAxisHandle* axis_handle, PMDuint16 OPCode, PMDuint16 *data1, PM
  95:C:/Jarboter_V_2_1/Firmware/Interface_uC_PMD/C/PMDtrans.c **** {
 715               	B8
 716               	.LM36:
 717               	.LFBB8:
 718 0272 CF92      		push r12
 719 0274 DF92      		push r13
 720 0276 EF92      		push r14
 721 0278 FF92      		push r15
 722 027a 0F93      		push r16
 723 027c 1F93      		push r17
 724 027e DF93      		push r29
 725 0280 CF93      		push r28
 726 0282 00D0      		rcall .
 727 0284 00D0      		rcall .
 728 0286 00D0      		rcall .
 729 0288 CDB7      		in r28,__SP_L__
 730 028a DEB7      		in r29,__SP_H__
 731               	/* prologue: function */
 732               	/* frame size = 6 */
 733 028c FC01      		movw r30,r24
 734 028e 7A01      		movw r14,r20
 735 0290 6901      		movw r12,r18
  96:C:/Jarboter_V_2_1/Firmware/Interface_uC_PMD/C/PMDtrans.c ****         PMDuint16 result = PMD_ERR_OK;
  97:C:/Jarboter_V_2_1/Firmware/Interface_uC_PMD/C/PMDtrans.c ****         PMDuint16 buffer[3];
  98:C:/Jarboter_V_2_1/Firmware/Interface_uC_PMD/C/PMDtrans.c **** 
  99:C:/Jarboter_V_2_1/Firmware/Interface_uC_PMD/C/PMDtrans.c ****         buffer[0] = BuildCommand(OPCode,axis_handle->axis);
 736               	-.LFBB8
 737               	.LM37:
 738 0292 9281      		ldd r25,Z+2
 739 0294 80E0      		ldi r24,lo8(0)
 740 0296 862B      		or r24,r22
 741 0298 972B      		or r25,r23
 742 029a 9A83      		std Y+2,r25
 743 029c 8983      		std Y+1,r24
 100:C:/Jarboter_V_2_1/Firmware/Interface_uC_PMD/C/PMDtrans.c **** 
 101:C:/Jarboter_V_2_1/Firmware/Interface_uC_PMD/C/PMDtrans.c ****         result = axis_handle->transport.SendCommand(axis_handle->transport_data, 1, buffer, 2, buff
 744               	68,0,101,.LM38-.LFBB8
 745               	.LM38:
 746 029e DF01      		movw r26,r30
 747 02a0 A25A      		subi r26,lo8(-(94))
 748 02a2 BF4F      		sbci r27,hi8(-(94))
 749 02a4 E05B      		subi r30,lo8(-(80))
 750 02a6 FF4F      		sbci r31,hi8(-(80))
 751 02a8 0190      		ld __tmp_reg__,Z+
 752 02aa F081      		ld r31,Z
 753 02ac E02D      		mov r30,__tmp_reg__
 754 02ae 8D91      		ld r24,X+
 755 02b0 9C91      		ld r25,X
 756 02b2 61E0      		ldi r22,lo8(1)
 757 02b4 AE01      		movw r20,r28
 758 02b6 4F5F      		subi r20,lo8(-(1))
 759 02b8 5F4F      		sbci r21,hi8(-(1))
 760 02ba 22E0      		ldi r18,lo8(2)
 761 02bc 8E01      		movw r16,r28
 762 02be 0D5F      		subi r16,lo8(-(3))
 763 02c0 1F4F      		sbci r17,hi8(-(3))
 764 02c2 0995      		icall
 102:C:/Jarboter_V_2_1/Firmware/Interface_uC_PMD/C/PMDtrans.c **** 
 103:C:/Jarboter_V_2_1/Firmware/Interface_uC_PMD/C/PMDtrans.c ****         *data1 = (PMDuint16)buffer[1];
 765               	9-.LFBB8
 766               	.LM39:
 767 02c4 2B81      		ldd r18,Y+3
 768 02c6 3C81      		ldd r19,Y+4
 769 02c8 F701      		movw r30,r14
 770 02ca 3183      		std Z+1,r19
 771 02cc 2083      		st Z,r18
 104:C:/Jarboter_V_2_1/Firmware/Interface_uC_PMD/C/PMDtrans.c ****         *data2 = (PMDuint16)buffer[2];
 772               		68,0,104,.LM40-.LFBB8
 773               	.LM40:
 774 02ce 2D81      		ldd r18,Y+5
 775 02d0 3E81      		ldd r19,Y+6
 776 02d2 F601      		movw r30,r12
 777 02d4 3183      		std Z+1,r19
 778 02d6 2083      		st Z,r18
 779               	/* epilogue start */
 105:C:/Jarboter_V_2_1/Firmware/Interface_uC_PMD/C/PMDtrans.c **** 
 106:C:/Jarboter_V_2_1/Firmware/Interface_uC_PMD/C/PMDtrans.c ****         return result;
 107:C:/Jarboter_V_2_1/Firmware/Interface_uC_PMD/C/PMDtrans.c **** }
 780               	68,0,107,.LM41-.LFBB8
 781               	.LM41:
 782 02d8 2696      		adiw r28,6
 783 02da 0FB6      		in __tmp_reg__,__SREG__
 784 02dc F894      		cli
 785 02de DEBF      		out __SP_H__,r29
 786 02e0 0FBE      		out __SREG__,__tmp_reg__
 787 02e2 CDBF      		out __SP_L__,r28
 788 02e4 CF91      		pop r28
 789 02e6 DF91      		pop r29
 790 02e8 1F91      		pop r17
 791 02ea 0F91      		pop r16
 792 02ec FF90      		pop r15
 793 02ee EF90      		pop r14
 794 02f0 DF90      		pop r13
 795 02f2 CF90      		pop r12
 796 02f4 0895      		ret
 801               	.Lscope8:
 806               	.global	SendCommandGetLong
 808               	SendCommandGetLong:
 108:C:/Jarboter_V_2_1/Firmware/Interface_uC_PMD/C/PMDtrans.c **** 
 109:C:/Jarboter_V_2_1/Firmware/Interface_uC_PMD/C/PMDtrans.c **** 
 110:C:/Jarboter_V_2_1/Firmware/Interface_uC_PMD/C/PMDtrans.c **** PMDuint16 SendCommandGetLong(PMDAxisHandle* axis_handle, PMDuint16 OPCode, PMDuint32 *data1)
 111:C:/Jarboter_V_2_1/Firmware/Interface_uC_PMD/C/PMDtrans.c **** {
 809               	
 810               	.LM42:
 811               	.LFBB9:
 812 02f6 CF92      		push r12
 813 02f8 DF92      		push r13
 814 02fa EF92      		push r14
 815 02fc FF92      		push r15
 816 02fe 0F93      		push r16
 817 0300 1F93      		push r17
 818 0302 DF93      		push r29
 819 0304 CF93      		push r28
 820 0306 00D0      		rcall .
 821 0308 00D0      		rcall .
 822 030a 00D0      		rcall .
 823 030c CDB7      		in r28,__SP_L__
 824 030e DEB7      		in r29,__SP_H__
 825               	/* prologue: function */
 826               	/* frame size = 6 */
 827 0310 FC01      		movw r30,r24
 828 0312 6A01      		movw r12,r20
 112:C:/Jarboter_V_2_1/Firmware/Interface_uC_PMD/C/PMDtrans.c ****         PMDuint16 result = PMD_ERR_OK;
 113:C:/Jarboter_V_2_1/Firmware/Interface_uC_PMD/C/PMDtrans.c ****         PMDuint16 buffer[3];
 114:C:/Jarboter_V_2_1/Firmware/Interface_uC_PMD/C/PMDtrans.c **** 
 115:C:/Jarboter_V_2_1/Firmware/Interface_uC_PMD/C/PMDtrans.c ****         buffer[0] = BuildCommand(OPCode,axis_handle->axis);
 829               	M43-.LFBB9
 830               	.LM43:
 831 0314 9281      		ldd r25,Z+2
 832 0316 80E0      		ldi r24,lo8(0)
 833 0318 862B      		or r24,r22
 834 031a 972B      		or r25,r23
 835 031c 9A83      		std Y+2,r25
 836 031e 8983      		std Y+1,r24
 116:C:/Jarboter_V_2_1/Firmware/Interface_uC_PMD/C/PMDtrans.c **** 
 117:C:/Jarboter_V_2_1/Firmware/Interface_uC_PMD/C/PMDtrans.c ****         result = axis_handle->transport.SendCommand(axis_handle->transport_data, 1, buffer, 2, buff
 837               	68,0,117,.LM44-.LFBB9
 838               	.LM44:
 839 0320 DF01      		movw r26,r30
 840 0322 A25A      		subi r26,lo8(-(94))
 841 0324 BF4F      		sbci r27,hi8(-(94))
 842 0326 E05B      		subi r30,lo8(-(80))
 843 0328 FF4F      		sbci r31,hi8(-(80))
 844 032a 0190      		ld __tmp_reg__,Z+
 845 032c F081      		ld r31,Z
 846 032e E02D      		mov r30,__tmp_reg__
 847 0330 8D91      		ld r24,X+
 848 0332 9C91      		ld r25,X
 849 0334 61E0      		ldi r22,lo8(1)
 850 0336 AE01      		movw r20,r28
 851 0338 4F5F      		subi r20,lo8(-(1))
 852 033a 5F4F      		sbci r21,hi8(-(1))
 853 033c 22E0      		ldi r18,lo8(2)
 854 033e 8E01      		movw r16,r28
 855 0340 0D5F      		subi r16,lo8(-(3))
 856 0342 1F4F      		sbci r17,hi8(-(3))
 857 0344 0995      		icall
 118:C:/Jarboter_V_2_1/Firmware/Interface_uC_PMD/C/PMDtrans.c **** 
 119:C:/Jarboter_V_2_1/Firmware/Interface_uC_PMD/C/PMDtrans.c ****         *data1 = ((PMDuint32)buffer[1])<<16 | ((PMDuint32)buffer[2]);
 858               	5-.LFBB9
 859               	.LM45:
 860 0346 2B81      		ldd r18,Y+3
 861 0348 3C81      		ldd r19,Y+4
 862 034a 40E0      		ldi r20,lo8(0)
 863 034c 50E0      		ldi r21,hi8(0)
 864 034e A901      		movw r20,r18
 865 0350 3327      		clr r19
 866 0352 2227      		clr r18
 867 0354 ED80      		ldd r14,Y+5
 868 0356 FE80      		ldd r15,Y+6
 869 0358 00E0      		ldi r16,lo8(0)
 870 035a 10E0      		ldi r17,hi8(0)
 871 035c 2E29      		or r18,r14
 872 035e 3F29      		or r19,r15
 873 0360 402B      		or r20,r16
 874 0362 512B      		or r21,r17
 875 0364 F601      		movw r30,r12
 876 0366 2083      		st Z,r18
 877 0368 3183      		std Z+1,r19
 878 036a 4283      		std Z+2,r20
 879 036c 5383      		std Z+3,r21
 880               	/* epilogue start */
 120:C:/Jarboter_V_2_1/Firmware/Interface_uC_PMD/C/PMDtrans.c **** 
 121:C:/Jarboter_V_2_1/Firmware/Interface_uC_PMD/C/PMDtrans.c ****         return result;
 122:C:/Jarboter_V_2_1/Firmware/Interface_uC_PMD/C/PMDtrans.c **** }
 881               	.LFBB9
 882               	.LM46:
 883 036e 2696      		adiw r28,6
 884 0370 0FB6      		in __tmp_reg__,__SREG__
 885 0372 F894      		cli
 886 0374 DEBF      		out __SP_H__,r29
 887 0376 0FBE      		out __SREG__,__tmp_reg__
 888 0378 CDBF      		out __SP_L__,r28
 889 037a CF91      		pop r28
 890 037c DF91      		pop r29
 891 037e 1F91      		pop r17
 892 0380 0F91      		pop r16
 893 0382 FF90      		pop r15
 894 0384 EF90      		pop r14
 895 0386 DF90      		pop r13
 896 0388 CF90      		pop r12
 897 038a 0895      		ret
 902               	.Lscope9:
 908               	.global	SendCommandWordGetWord
 910               	SendCommandWordGetWord:
 123:C:/Jarboter_V_2_1/Firmware/Interface_uC_PMD/C/PMDtrans.c **** 
 124:C:/Jarboter_V_2_1/Firmware/Interface_uC_PMD/C/PMDtrans.c **** PMDuint16 SendCommandWordGetWord(PMDAxisHandle* axis_handle, PMDuint16 OPCode, PMDuint16 data1, PMD
 125:C:/Jarboter_V_2_1/Firmware/Interface_uC_PMD/C/PMDtrans.c **** {
 911               		"OPCode:P(4,4)",64,0,0,22
 914 038c EF92      	.global	SendCommandWordGetWord
 916 0390 0F93      	SendCommandWordGetWord:
 918 0394 DF93      	.LM47:
 919 0396 CF93      	.LFBB10:
 920 0398 00D0      		push r14
 921 039a 00D0      		push r15
 922 039c 00D0      		push r16
 923 039e CDB7      		push r17
 924 03a0 DEB7      		push r29
 925               		push r28
 926               		rcall .
 927 03a2 FC01      		rcall .
 928 03a4 7901      		rcall .
 126:C:/Jarboter_V_2_1/Firmware/Interface_uC_PMD/C/PMDtrans.c ****         PMDuint16 result = PMD_ERR_OK;
 127:C:/Jarboter_V_2_1/Firmware/Interface_uC_PMD/C/PMDtrans.c ****         PMDuint16 buffer[3];
 128:C:/Jarboter_V_2_1/Firmware/Interface_uC_PMD/C/PMDtrans.c **** 
 129:C:/Jarboter_V_2_1/Firmware/Interface_uC_PMD/C/PMDtrans.c ****         buffer[0] = BuildCommand(OPCode,axis_handle->axis);
 929               	dGetWord, @function
 930               	SendCommandWordGetWord:
 932 03a8 80E0      	.LM47:
 933 03aa 862B      	.LFBB10:
 934 03ac 972B      		push r14
 935 03ae 9A83      		push r15
 936 03b0 8983      		push r16
 130:C:/Jarboter_V_2_1/Firmware/Interface_uC_PMD/C/PMDtrans.c ****         buffer[1] = (PMDuint16)data1;
 937               	,64,0,0,14
 938               	.global	SendCommandWordGetWord
 940 03b4 4B83      	SendCommandWordGetWord:
 131:C:/Jarboter_V_2_1/Firmware/Interface_uC_PMD/C/PMDtrans.c **** 
 132:C:/Jarboter_V_2_1/Firmware/Interface_uC_PMD/C/PMDtrans.c ****         result = axis_handle->transport.SendCommand(axis_handle->transport_data, 2, buffer, 1, buff
 941               		"OPCode:P(4,4)",64,0,0,22
 944 03b8 A25A      	.global	SendCommandWordGetWord
 946 03bc E05B      	SendCommandWordGetWord:
 948 03c0 0190      	.LM47:
 949 03c2 F081      	.LFBB10:
 950 03c4 E02D      		push r14
 951 03c6 8D91      		push r15
 952 03c8 9C91      		push r16
 953 03ca 62E0      		push r17
 954 03cc AE01      		push r29
 955 03ce 4F5F      		push r28
 956 03d0 5F4F      		rcall .
 957 03d2 21E0      		rcall .
 958 03d4 8E01      		rcall .
 959 03d6 0B5F      		in r28,__SP_L__
 960 03d8 1F4F      		in r29,__SP_H__
 961 03da 0995      	/* prologue: function */
 133:C:/Jarboter_V_2_1/Firmware/Interface_uC_PMD/C/PMDtrans.c **** 
 134:C:/Jarboter_V_2_1/Firmware/Interface_uC_PMD/C/PMDtrans.c ****         *data2 = (PMDuint16)buffer[2];
 962               	LM47-.LFBB10
 963               	.LM47:
 964 03dc 2D81      	.LFBB10:
 965 03de 3E81      		push r14
 966 03e0 F701      		push r15
 967 03e2 3183      		push r16
 968 03e4 2083      		push r17
 969               		push r29
 135:C:/Jarboter_V_2_1/Firmware/Interface_uC_PMD/C/PMDtrans.c **** 
 136:C:/Jarboter_V_2_1/Firmware/Interface_uC_PMD/C/PMDtrans.c ****         return result;
 137:C:/Jarboter_V_2_1/Firmware/Interface_uC_PMD/C/PMDtrans.c **** }
 970               	dCommandWordGetWord
 972 03e6 2696      	SendCommandWordGetWord:
 974 03ea F894      	.LM47:
 975 03ec DEBF      	.LFBB10:
 976 03ee 0FBE      		push r14
 977 03f0 CDBF      		push r15
 978 03f2 CF91      		push r16
 979 03f4 DF91      		push r17
 980 03f6 1F91      		push r29
 981 03f8 0F91      		push r28
 982 03fa FF90      		rcall .
 983 03fc EF90      		rcall .
 984 03fe 0895      		rcall .
 985               		in r28,__SP_L__
 986               		in r29,__SP_H__
 987               	/* prologue: function */
 988               	/* frame size = 6 */
 989               		movw r30,r24
 990               		movw r14,r18
 992               	.LM48:
 993               		ldd r25,Z+2
 994               		ldi r24,lo8(0)
 995               		or r24,r22
 996               		or r25,r23
 997               		std Y+2,r25
 138:C:/Jarboter_V_2_1/Firmware/Interface_uC_PMD/C/PMDtrans.c **** 
 139:C:/Jarboter_V_2_1/Firmware/Interface_uC_PMD/C/PMDtrans.c **** PMDuint16 SendCommandWordGetLong(PMDAxisHandle* axis_handle, PMDuint16 OPCode, PMDuint16 data1, PMD
 140:C:/Jarboter_V_2_1/Firmware/Interface_uC_PMD/C/PMDtrans.c **** {
 998               	function */
 999               	/* frame size = 6 */
 1000               		movw r30,r24
 1001 0400 CF92      		movw r14,r18
 1003 0404 EF92      	.LM48:
 1004 0406 FF92      		ldd r25,Z+2
 1005 0408 0F93      		ldi r24,lo8(0)
 1006 040a 1F93      		or r24,r22
 1007 040c DF93      		or r25,r23
 1008 040e CF93      		std Y+2,r25
 1009 0410 CDB7      		std Y+1,r24
 1011 0414 2897      	.LM49:
 1012 0416 0FB6      		std Y+4,r21
 1013 0418 F894      		std Y+3,r20
 1015 041c 0FBE      	.LM50:
 1016 041e CDBF      		movw r26,r30
 1017               		subi r26,lo8(-(94))
 1018               		sbci r27,hi8(-(94))
 1019 0420 FC01      		subi r30,lo8(-(80))
 1020 0422 6901      		sbci r31,hi8(-(80))
 141:C:/Jarboter_V_2_1/Firmware/Interface_uC_PMD/C/PMDtrans.c ****         PMDuint16 result = PMD_ERR_OK;
 142:C:/Jarboter_V_2_1/Firmware/Interface_uC_PMD/C/PMDtrans.c ****         PMDuint16 buffer[4];
 143:C:/Jarboter_V_2_1/Firmware/Interface_uC_PMD/C/PMDtrans.c **** 
 144:C:/Jarboter_V_2_1/Firmware/Interface_uC_PMD/C/PMDtrans.c ****         buffer[0] = BuildCommand(OPCode,axis_handle->axis);
 1021               	r21
 1022               		std Y+3,r20
 1024 0426 80E0      	.LM50:
 1025 0428 862B      		movw r26,r30
 1026 042a 972B      		subi r26,lo8(-(94))
 1027 042c 9A83      		sbci r27,hi8(-(94))
 1028 042e 8983      		subi r30,lo8(-(80))
 145:C:/Jarboter_V_2_1/Firmware/Interface_uC_PMD/C/PMDtrans.c ****         buffer[1] = (PMDuint16)data1;
 1029               	FBB10
 1030               	.LM49:
 1031 0430 5C83      		std Y+4,r21
 1032 0432 4B83      		std Y+3,r20
 146:C:/Jarboter_V_2_1/Firmware/Interface_uC_PMD/C/PMDtrans.c **** 
 147:C:/Jarboter_V_2_1/Firmware/Interface_uC_PMD/C/PMDtrans.c ****         result = axis_handle->transport.SendCommand(axis_handle->transport_data, 2, buffer, 2, buff
 1033               	8-.LFBB10
 1034               	.LM48:
 1035 0434 DF01      		ldd r25,Z+2
 1036 0436 A25A      		ldi r24,lo8(0)
 1037 0438 BF4F      		or r24,r22
 1038 043a E05B      		or r25,r23
 1039 043c FF4F      		std Y+2,r25
 1040 043e 0190      		std Y+1,r24
 1042 0442 E02D      	.LM49:
 1043 0444 8D91      		std Y+4,r21
 1044 0446 9C91      		std Y+3,r20
 1046 044a AE01      	.LM50:
 1047 044c 4F5F      		movw r26,r30
 1048 044e 5F4F      		subi r26,lo8(-(94))
 1049 0450 22E0      		sbci r27,hi8(-(94))
 1050 0452 8E01      		subi r30,lo8(-(80))
 1051 0454 0B5F      		sbci r31,hi8(-(80))
 1052 0456 1F4F      		ld __tmp_reg__,Z+
 1053 0458 0995      		ld r31,Z
 148:C:/Jarboter_V_2_1/Firmware/Interface_uC_PMD/C/PMDtrans.c **** 
 149:C:/Jarboter_V_2_1/Firmware/Interface_uC_PMD/C/PMDtrans.c ****         *data2 = ((PMDuint32)buffer[2])<<16 | ((PMDuint32)buffer[3]);
 1054               	32,.LM50-.LFBB10
 1055               	.LM50:
 1056 045a 2D81      		movw r26,r30
 1057 045c 3E81      		subi r26,lo8(-(94))
 1058 045e 40E0      		sbci r27,hi8(-(94))
 1059 0460 50E0      		subi r30,lo8(-(80))
 1060 0462 A901      		sbci r31,hi8(-(80))
 1061 0464 3327      		ld __tmp_reg__,Z+
 1062 0466 2227      		ld r31,Z
 1063 0468 EF80      		mov r30,__tmp_reg__
 1064 046a F884      		ld r24,X+
 1065 046c 00E0      		ld r25,X
 1066 046e 10E0      		ldi r22,lo8(2)
 1067 0470 2E29      		movw r20,r28
 1068 0472 3F29      		subi r20,lo8(-(1))
 1069 0474 402B      		sbci r21,hi8(-(1))
 1070 0476 512B      		ldi r18,lo8(1)
 1071 0478 F601      		movw r16,r28
 1072 047a 2083      		subi r16,lo8(-(5))
 1073 047c 3183      		sbci r17,hi8(-(5))
 1074 047e 4283      		icall
 1076               	.LM51:
 150:C:/Jarboter_V_2_1/Firmware/Interface_uC_PMD/C/PMDtrans.c **** 
 151:C:/Jarboter_V_2_1/Firmware/Interface_uC_PMD/C/PMDtrans.c ****         return result;
 152:C:/Jarboter_V_2_1/Firmware/Interface_uC_PMD/C/PMDtrans.c **** }
 1077               	)
 1078               		sbci r21,hi8(-(1))
 1079 0482 2896      		ldi r18,lo8(1)
 1080 0484 0FB6      		movw r16,r28
 1081 0486 F894      		subi r16,lo8(-(5))
 1082 0488 DEBF      		sbci r17,hi8(-(5))
 1083 048a 0FBE      		icall
 1085 048e CF91      	.LM51:
 1086 0490 DF91      		ldd r18,Y+5
 1087 0492 1F91      		ldd r19,Y+6
 1088 0494 0F91      		movw r30,r14
 1089 0496 FF90      		std Z+1,r19
 1090 0498 EF90      		st Z,r18
 1091 049a DF90      	/* epilogue start */
 1093 049e 0895      	.LM52:
 1094               		adiw r28,6
 1095               		in __tmp_reg__,__SREG__
 1096               		cli
 1097               		out __SP_H__,r29
 1098               		out __SREG__,__tmp_reg__
 1099               		out __SP_L__,r28
 1100               		pop r28
DEFINED SYMBOLS
                            *ABS*:00000000 PMDtrans.c
C:\DOCUME~1\David\LOCALS~1\Temp/ccnBI8te.s:2      *ABS*:0000003f __SREG__
C:\DOCUME~1\David\LOCALS~1\Temp/ccnBI8te.s:3      *ABS*:0000003e __SP_H__
C:\DOCUME~1\David\LOCALS~1\Temp/ccnBI8te.s:4      *ABS*:0000003d __SP_L__
C:\DOCUME~1\David\LOCALS~1\Temp/ccnBI8te.s:5      *ABS*:00000034 __CCP__
C:\DOCUME~1\David\LOCALS~1\Temp/ccnBI8te.s:6      *ABS*:00000000 __tmp_reg__
C:\DOCUME~1\David\LOCALS~1\Temp/ccnBI8te.s:7      *ABS*:00000001 __zero_reg__
C:\DOCUME~1\David\LOCALS~1\Temp/ccnBI8te.s:218    .text:00000000 BuildCommand
C:\DOCUME~1\David\LOCALS~1\Temp/ccnBI8te.s:242    .text:0000000c SendCommand
C:\DOCUME~1\David\LOCALS~1\Temp/ccnBI8te.s:305    .text:0000005a SendCommandWord
C:\DOCUME~1\David\LOCALS~1\Temp/ccnBI8te.s:376    .text:000000b2 SendCommandWordWord
C:\DOCUME~1\David\LOCALS~1\Temp/ccnBI8te.s:453    .text:00000114 SendCommandLong
C:\DOCUME~1\David\LOCALS~1\Temp/ccnBI8te.s:542    .text:0000018c SendCommandWordLong
C:\DOCUME~1\David\LOCALS~1\Temp/ccnBI8te.s:634    .text:00000208 SendCommandGetWord
C:\DOCUME~1\David\LOCALS~1\Temp/ccnBI8te.s:714    .text:00000272 SendCommandGetWordWord
C:\DOCUME~1\David\LOCALS~1\Temp/ccnBI8te.s:808    .text:000002f6 SendCommandGetLong
C:\DOCUME~1\David\LOCALS~1\Temp/ccnBI8te.s:910    .text:0000038c SendCommandWordGetWord
C:\DOCUME~1\David\LOCALS~1\Temp/ccnBI8te.s:997    .text:00000400 SendCommandWordGetLong

NO UNDEFINED SYMBOLS
