   1               		.file	"tw_teach_pendant.c"
   2               	__SREG__ = 0x3f
   3               	__SP_H__ = 0x3e
   4               	__SP_L__ = 0x3d
   5               	__CCP__  = 0x34
   6               	__tmp_reg__ = 0
   7               	__zero_reg__ = 1
   9               		.text
  10               	.Ltext0:
 234               	.global	Pose2rxTrayectoria
 236               	Pose2rxTrayectoria:
   1:C:/Jarboter_V_2_1/Firmware/Interface_uC_Peripherical/C/tw_teach_pendant.c **** #include <avr/io.h>
   2:C:/Jarboter_V_2_1/Firmware/Interface_uC_Peripherical/C/tw_teach_pendant.c **** #include <stdint.h>
   3:C:/Jarboter_V_2_1/Firmware/Interface_uC_Peripherical/C/tw_teach_pendant.c **** #include <util/twi.h>		
   4:C:/Jarboter_V_2_1/Firmware/Interface_uC_Peripherical/C/tw_teach_pendant.c **** #include <stdio.h>
   5:C:/Jarboter_V_2_1/Firmware/Interface_uC_Peripherical/C/tw_teach_pendant.c **** #include "types.h"
   6:C:/Jarboter_V_2_1/Firmware/Interface_uC_Peripherical/C/tw_teach_pendant.c **** #include "tw_teach_pendant.h"
   7:C:/Jarboter_V_2_1/Firmware/Interface_uC_Peripherical/C/tw_teach_pendant.c **** #include "mem.h"
   8:C:/Jarboter_V_2_1/Firmware/Interface_uC_Peripherical/C/tw_teach_pendant.c **** #include "packetIO.h"
   9:C:/Jarboter_V_2_1/Firmware/Interface_uC_Peripherical/C/tw_teach_pendant.c **** //#define DEBUGTWI
  10:C:/Jarboter_V_2_1/Firmware/Interface_uC_Peripherical/C/tw_teach_pendant.c **** //#define DEBUGUSBLevel1
  11:C:/Jarboter_V_2_1/Firmware/Interface_uC_Peripherical/C/tw_teach_pendant.c **** 
  12:C:/Jarboter_V_2_1/Firmware/Interface_uC_Peripherical/C/tw_teach_pendant.c **** 
  13:C:/Jarboter_V_2_1/Firmware/Interface_uC_Peripherical/C/tw_teach_pendant.c **** /** \ingroup Teach_Pendant
  14:C:/Jarboter_V_2_1/Firmware/Interface_uC_Peripherical/C/tw_teach_pendant.c **** 	\brief Define el numero maximo de Poses o Posturas del Robot que se pueden almacenar en la
  15:C:/Jarboter_V_2_1/Firmware/Interface_uC_Peripherical/C/tw_teach_pendant.c **** 	memoria EEPROM*/
  16:C:/Jarboter_V_2_1/Firmware/Interface_uC_Peripherical/C/tw_teach_pendant.c **** 	#define MAX_POSES			5696
  17:C:/Jarboter_V_2_1/Firmware/Interface_uC_Peripherical/C/tw_teach_pendant.c **** 
  18:C:/Jarboter_V_2_1/Firmware/Interface_uC_Peripherical/C/tw_teach_pendant.c **** 	/** \ingroup Teach_Pendant
  19:C:/Jarboter_V_2_1/Firmware/Interface_uC_Peripherical/C/tw_teach_pendant.c **** 	\brief La Memoria EEPROM esta dividida en dos bloques de Memoria. ADD_NUM define la cantidad
  20:C:/Jarboter_V_2_1/Firmware/Interface_uC_Peripherical/C/tw_teach_pendant.c **** 	de bytes que se deben adicionar a la Primera Pose del segundo banco de la memoria para que
  21:C:/Jarboter_V_2_1/Firmware/Interface_uC_Peripherical/C/tw_teach_pendant.c **** 	quede en la primera posicion de memoria de esta*/
  22:C:/Jarboter_V_2_1/Firmware/Interface_uC_Peripherical/C/tw_teach_pendant.c **** 	#define	ADD_NUM				7
  23:C:/Jarboter_V_2_1/Firmware/Interface_uC_Peripherical/C/tw_teach_pendant.c **** 
  24:C:/Jarboter_V_2_1/Firmware/Interface_uC_Peripherical/C/tw_teach_pendant.c **** 	/** \ingroup Teach_Pendant
  25:C:/Jarboter_V_2_1/Firmware/Interface_uC_Peripherical/C/tw_teach_pendant.c **** 	\brief Es un vector que contendra todos los ID (identificadores) de las Poses del Robot almacenado
  26:C:/Jarboter_V_2_1/Firmware/Interface_uC_Peripherical/C/tw_teach_pendant.c **** 	en la EEPROM*/
  27:C:/Jarboter_V_2_1/Firmware/Interface_uC_Peripherical/C/tw_teach_pendant.c **** 	uint16 *id_vector; 
  28:C:/Jarboter_V_2_1/Firmware/Interface_uC_Peripherical/C/tw_teach_pendant.c **** 	/*Esta trajectoria estara compuesta por las posiciones del ID vector*/
  29:C:/Jarboter_V_2_1/Firmware/Interface_uC_Peripherical/C/tw_teach_pendant.c **** 	tTrajectory  Trajectoryvector;
  30:C:/Jarboter_V_2_1/Firmware/Interface_uC_Peripherical/C/tw_teach_pendant.c **** 	/*Esta Trajectoria se usa para ejecutar una pose ya grabada*/
  31:C:/Jarboter_V_2_1/Firmware/Interface_uC_Peripherical/C/tw_teach_pendant.c **** 	tTrajectory  Trajectoryvectorpunto;
  32:C:/Jarboter_V_2_1/Firmware/Interface_uC_Peripherical/C/tw_teach_pendant.c **** 	/*Esta Bandera indica que se ejecutado una pose punto por primera vez*/
  33:C:/Jarboter_V_2_1/Firmware/Interface_uC_Peripherical/C/tw_teach_pendant.c **** 	int16 FlagTrayecPuntook=0;
  34:C:/Jarboter_V_2_1/Firmware/Interface_uC_Peripherical/C/tw_teach_pendant.c **** 	/*Utilizada para acceder a la informacion de moviento velocidades y aceleraciones max */
  35:C:/Jarboter_V_2_1/Firmware/Interface_uC_Peripherical/C/tw_teach_pendant.c **** 	extern PMDAxisHandle hAxis[DOF]; 
  36:C:/Jarboter_V_2_1/Firmware/Interface_uC_Peripherical/C/tw_teach_pendant.c **** 
  37:C:/Jarboter_V_2_1/Firmware/Interface_uC_Peripherical/C/tw_teach_pendant.c **** /**************************************************************************************************
  38:C:/Jarboter_V_2_1/Firmware/Interface_uC_Peripherical/C/tw_teach_pendant.c **** int16 Get_Num_Poses(void)
  39:C:/Jarboter_V_2_1/Firmware/Interface_uC_Peripherical/C/tw_teach_pendant.c **** {
  40:C:/Jarboter_V_2_1/Firmware/Interface_uC_Peripherical/C/tw_teach_pendant.c **** 	int16 Cpuntos=-1;
  41:C:/Jarboter_V_2_1/Firmware/Interface_uC_Peripherical/C/tw_teach_pendant.c **** 	int16 rv=-1;
  42:C:/Jarboter_V_2_1/Firmware/Interface_uC_Peripherical/C/tw_teach_pendant.c ****    
  43:C:/Jarboter_V_2_1/Firmware/Interface_uC_Peripherical/C/tw_teach_pendant.c **** 	rv=ee24xx_read_bytes(0,sizeof(int16),(uint8 *)&Cpuntos);
  44:C:/Jarboter_V_2_1/Firmware/Interface_uC_Peripherical/C/tw_teach_pendant.c **** 	
  45:C:/Jarboter_V_2_1/Firmware/Interface_uC_Peripherical/C/tw_teach_pendant.c **** 	if(rv)
  46:C:/Jarboter_V_2_1/Firmware/Interface_uC_Peripherical/C/tw_teach_pendant.c **** 	{
  47:C:/Jarboter_V_2_1/Firmware/Interface_uC_Peripherical/C/tw_teach_pendant.c **** 		#ifdef DEBUGTWI
  48:C:/Jarboter_V_2_1/Firmware/Interface_uC_Peripherical/C/tw_teach_pendant.c **** 			printf("Get_Num_Poses=> Cpuntos= %d\n",Cpuntos);
  49:C:/Jarboter_V_2_1/Firmware/Interface_uC_Peripherical/C/tw_teach_pendant.c **** 		#endif
  50:C:/Jarboter_V_2_1/Firmware/Interface_uC_Peripherical/C/tw_teach_pendant.c **** 		if(Cpuntos< MAX_POSES)
  51:C:/Jarboter_V_2_1/Firmware/Interface_uC_Peripherical/C/tw_teach_pendant.c **** 			return Cpuntos;
  52:C:/Jarboter_V_2_1/Firmware/Interface_uC_Peripherical/C/tw_teach_pendant.c **** 	}
  53:C:/Jarboter_V_2_1/Firmware/Interface_uC_Peripherical/C/tw_teach_pendant.c **** 
  54:C:/Jarboter_V_2_1/Firmware/Interface_uC_Peripherical/C/tw_teach_pendant.c **** 	return rv;
  55:C:/Jarboter_V_2_1/Firmware/Interface_uC_Peripherical/C/tw_teach_pendant.c **** }
  56:C:/Jarboter_V_2_1/Firmware/Interface_uC_Peripherical/C/tw_teach_pendant.c **** /**************************************************************************************************
  57:C:/Jarboter_V_2_1/Firmware/Interface_uC_Peripherical/C/tw_teach_pendant.c **** int32 Found_Id(uint16 id)
  58:C:/Jarboter_V_2_1/Firmware/Interface_uC_Peripherical/C/tw_teach_pendant.c **** {
  59:C:/Jarboter_V_2_1/Firmware/Interface_uC_Peripherical/C/tw_teach_pendant.c **** 	int16 id_actual=-1;
  60:C:/Jarboter_V_2_1/Firmware/Interface_uC_Peripherical/C/tw_teach_pendant.c **** 	int16 Num_Poses;
  61:C:/Jarboter_V_2_1/Firmware/Interface_uC_Peripherical/C/tw_teach_pendant.c **** 	int32 addr,rv=-1;
  62:C:/Jarboter_V_2_1/Firmware/Interface_uC_Peripherical/C/tw_teach_pendant.c **** 	int16 i=0;
  63:C:/Jarboter_V_2_1/Firmware/Interface_uC_Peripherical/C/tw_teach_pendant.c **** 	
  64:C:/Jarboter_V_2_1/Firmware/Interface_uC_Peripherical/C/tw_teach_pendant.c **** 	
  65:C:/Jarboter_V_2_1/Firmware/Interface_uC_Peripherical/C/tw_teach_pendant.c **** 	
  66:C:/Jarboter_V_2_1/Firmware/Interface_uC_Peripherical/C/tw_teach_pendant.c **** 	/*Se Determina la cantidad de Poses en EEPROM*/
  67:C:/Jarboter_V_2_1/Firmware/Interface_uC_Peripherical/C/tw_teach_pendant.c **** 	
  68:C:/Jarboter_V_2_1/Firmware/Interface_uC_Peripherical/C/tw_teach_pendant.c **** 	Num_Poses = Get_Num_Poses();
  69:C:/Jarboter_V_2_1/Firmware/Interface_uC_Peripherical/C/tw_teach_pendant.c **** 	
  70:C:/Jarboter_V_2_1/Firmware/Interface_uC_Peripherical/C/tw_teach_pendant.c **** 	if(Num_Poses >= 1)
  71:C:/Jarboter_V_2_1/Firmware/Interface_uC_Peripherical/C/tw_teach_pendant.c **** 	{
  72:C:/Jarboter_V_2_1/Firmware/Interface_uC_Peripherical/C/tw_teach_pendant.c **** 		for (i=0;i< Num_Poses ;i++)
  73:C:/Jarboter_V_2_1/Firmware/Interface_uC_Peripherical/C/tw_teach_pendant.c **** 	    {
  74:C:/Jarboter_V_2_1/Firmware/Interface_uC_Peripherical/C/tw_teach_pendant.c **** 			/*Direccion de Comienzo de cada Pose*/
  75:C:/Jarboter_V_2_1/Firmware/Interface_uC_Peripherical/C/tw_teach_pendant.c **** 			addr= (int32) ((i)*sizeof(PoseRobot)+sizeof(int16)); 
  76:C:/Jarboter_V_2_1/Firmware/Interface_uC_Peripherical/C/tw_teach_pendant.c **** 			
  77:C:/Jarboter_V_2_1/Firmware/Interface_uC_Peripherical/C/tw_teach_pendant.c **** 			if(i > (MAX_POSES/2))
  78:C:/Jarboter_V_2_1/Firmware/Interface_uC_Peripherical/C/tw_teach_pendant.c **** 				addr=addr+ ADD_NUM;
  79:C:/Jarboter_V_2_1/Firmware/Interface_uC_Peripherical/C/tw_teach_pendant.c **** 		 
  80:C:/Jarboter_V_2_1/Firmware/Interface_uC_Peripherical/C/tw_teach_pendant.c **** 			rv=ee24xx_read_bytes(addr,sizeof(uint16),(uint8*) &id_actual);
  81:C:/Jarboter_V_2_1/Firmware/Interface_uC_Peripherical/C/tw_teach_pendant.c **** 			#ifdef DEBUGTWI
  82:C:/Jarboter_V_2_1/Firmware/Interface_uC_Peripherical/C/tw_teach_pendant.c **** 				printf("Found_Id=> rv=%ld \n",rv);
  83:C:/Jarboter_V_2_1/Firmware/Interface_uC_Peripherical/C/tw_teach_pendant.c **** 				printf("Found_Id=> i=%d \n",i);
  84:C:/Jarboter_V_2_1/Firmware/Interface_uC_Peripherical/C/tw_teach_pendant.c **** 				printf("Found_Id=> addr=%ld \n",addr);
  85:C:/Jarboter_V_2_1/Firmware/Interface_uC_Peripherical/C/tw_teach_pendant.c **** 				printf("Found_Id=> id_actual=%d \n",id_actual);
  86:C:/Jarboter_V_2_1/Firmware/Interface_uC_Peripherical/C/tw_teach_pendant.c **** 			#endif
  87:C:/Jarboter_V_2_1/Firmware/Interface_uC_Peripherical/C/tw_teach_pendant.c **** 			
  88:C:/Jarboter_V_2_1/Firmware/Interface_uC_Peripherical/C/tw_teach_pendant.c **** 			if(rv == -1)
  89:C:/Jarboter_V_2_1/Firmware/Interface_uC_Peripherical/C/tw_teach_pendant.c **** 				return rv;								/* Se Produce un Error*/
  90:C:/Jarboter_V_2_1/Firmware/Interface_uC_Peripherical/C/tw_teach_pendant.c **** 			
  91:C:/Jarboter_V_2_1/Firmware/Interface_uC_Peripherical/C/tw_teach_pendant.c **** 			if(id==id_actual)			
  92:C:/Jarboter_V_2_1/Firmware/Interface_uC_Peripherical/C/tw_teach_pendant.c **** 				return addr;  							/* Encontro  la pose deseada*/
  93:C:/Jarboter_V_2_1/Firmware/Interface_uC_Peripherical/C/tw_teach_pendant.c **** 		}
  94:C:/Jarboter_V_2_1/Firmware/Interface_uC_Peripherical/C/tw_teach_pendant.c **** 	}
  95:C:/Jarboter_V_2_1/Firmware/Interface_uC_Peripherical/C/tw_teach_pendant.c **** 	return -1;	
  96:C:/Jarboter_V_2_1/Firmware/Interface_uC_Peripherical/C/tw_teach_pendant.c **** 	
  97:C:/Jarboter_V_2_1/Firmware/Interface_uC_Peripherical/C/tw_teach_pendant.c **** }
  98:C:/Jarboter_V_2_1/Firmware/Interface_uC_Peripherical/C/tw_teach_pendant.c **** /**************************************************************************************************
  99:C:/Jarboter_V_2_1/Firmware/Interface_uC_Peripherical/C/tw_teach_pendant.c **** int16 Adicionar_PoseTWI(PoseRobot Pose)
 100:C:/Jarboter_V_2_1/Firmware/Interface_uC_Peripherical/C/tw_teach_pendant.c **** {
 101:C:/Jarboter_V_2_1/Firmware/Interface_uC_Peripherical/C/tw_teach_pendant.c **** 	int16 rv=-1;
 102:C:/Jarboter_V_2_1/Firmware/Interface_uC_Peripherical/C/tw_teach_pendant.c **** 	int32 addr;
 103:C:/Jarboter_V_2_1/Firmware/Interface_uC_Peripherical/C/tw_teach_pendant.c **** 	int16 Num_Poses;
 104:C:/Jarboter_V_2_1/Firmware/Interface_uC_Peripherical/C/tw_teach_pendant.c **** 	
 105:C:/Jarboter_V_2_1/Firmware/Interface_uC_Peripherical/C/tw_teach_pendant.c **** 	
 106:C:/Jarboter_V_2_1/Firmware/Interface_uC_Peripherical/C/tw_teach_pendant.c **** 	
 107:C:/Jarboter_V_2_1/Firmware/Interface_uC_Peripherical/C/tw_teach_pendant.c ****     /*Se obtiene el numero total de poses que hay en la memoria EEPROM*/
 108:C:/Jarboter_V_2_1/Firmware/Interface_uC_Peripherical/C/tw_teach_pendant.c **** 	Num_Poses=Get_Num_Poses();
 109:C:/Jarboter_V_2_1/Firmware/Interface_uC_Peripherical/C/tw_teach_pendant.c **** 	#ifdef DEBUGTWI
 110:C:/Jarboter_V_2_1/Firmware/Interface_uC_Peripherical/C/tw_teach_pendant.c **** 		printf("Adicionar_PoseTWI=> Numero Poses grabadas Adicionar_PoseTWI => %x\n",Num_Poses);
 111:C:/Jarboter_V_2_1/Firmware/Interface_uC_Peripherical/C/tw_teach_pendant.c **** 	#endif
 112:C:/Jarboter_V_2_1/Firmware/Interface_uC_Peripherical/C/tw_teach_pendant.c **** 
 113:C:/Jarboter_V_2_1/Firmware/Interface_uC_Peripherical/C/tw_teach_pendant.c **** 	if(Num_Poses!=-1)
 114:C:/Jarboter_V_2_1/Firmware/Interface_uC_Peripherical/C/tw_teach_pendant.c **** 	{   
 115:C:/Jarboter_V_2_1/Firmware/Interface_uC_Peripherical/C/tw_teach_pendant.c **** 		/* Num_Poses Es el numero de Poses. Cada Pose Empieza en 1 hasta MAX_Poses*/
 116:C:/Jarboter_V_2_1/Firmware/Interface_uC_Peripherical/C/tw_teach_pendant.c **** 		/*La addr no depende del ID*/
 117:C:/Jarboter_V_2_1/Firmware/Interface_uC_Peripherical/C/tw_teach_pendant.c **** 		addr=(int32)(Num_Poses)*sizeof(PoseRobot)+sizeof(int16); 
 118:C:/Jarboter_V_2_1/Firmware/Interface_uC_Peripherical/C/tw_teach_pendant.c **** 		#ifdef DEBUGTWI
 119:C:/Jarboter_V_2_1/Firmware/Interface_uC_Peripherical/C/tw_teach_pendant.c **** 			printf("Adicionar_PoseTWI=> direccion actual en donde grabo la Pose => %lx\n",addr);
 120:C:/Jarboter_V_2_1/Firmware/Interface_uC_Peripherical/C/tw_teach_pendant.c **** 		#endif
 121:C:/Jarboter_V_2_1/Firmware/Interface_uC_Peripherical/C/tw_teach_pendant.c **** 			
 122:C:/Jarboter_V_2_1/Firmware/Interface_uC_Peripherical/C/tw_teach_pendant.c **** 		/*Pasar al Segundo Banco de Memoria */
 123:C:/Jarboter_V_2_1/Firmware/Interface_uC_Peripherical/C/tw_teach_pendant.c **** 		if(Num_Poses > (MAX_POSES/2))
 124:C:/Jarboter_V_2_1/Firmware/Interface_uC_Peripherical/C/tw_teach_pendant.c **** 			addr=addr+ADD_NUM;
 125:C:/Jarboter_V_2_1/Firmware/Interface_uC_Peripherical/C/tw_teach_pendant.c **** 		
 126:C:/Jarboter_V_2_1/Firmware/Interface_uC_Peripherical/C/tw_teach_pendant.c **** 		/* grabando pose*/
 127:C:/Jarboter_V_2_1/Firmware/Interface_uC_Peripherical/C/tw_teach_pendant.c **** 		rv=ee24xx_write_bytes(addr,sizeof(PoseRobot),(uint8 *)&Pose);	
 128:C:/Jarboter_V_2_1/Firmware/Interface_uC_Peripherical/C/tw_teach_pendant.c **** 		#ifdef DEBUGTWI
 129:C:/Jarboter_V_2_1/Firmware/Interface_uC_Peripherical/C/tw_teach_pendant.c **** 			printf("Adicionar_PoseTWI=> Numero de datos grabados corectamente al grabar Pose => %d\n",rv);
 130:C:/Jarboter_V_2_1/Firmware/Interface_uC_Peripherical/C/tw_teach_pendant.c **** 		#endif
 131:C:/Jarboter_V_2_1/Firmware/Interface_uC_Peripherical/C/tw_teach_pendant.c **** 		
 132:C:/Jarboter_V_2_1/Firmware/Interface_uC_Peripherical/C/tw_teach_pendant.c **** 		if(rv)
 133:C:/Jarboter_V_2_1/Firmware/Interface_uC_Peripherical/C/tw_teach_pendant.c **** 		{
 134:C:/Jarboter_V_2_1/Firmware/Interface_uC_Peripherical/C/tw_teach_pendant.c **** 			Num_Poses++;
 135:C:/Jarboter_V_2_1/Firmware/Interface_uC_Peripherical/C/tw_teach_pendant.c **** 			
 136:C:/Jarboter_V_2_1/Firmware/Interface_uC_Peripherical/C/tw_teach_pendant.c **** 			/*Se Actualiza el Numero de Poses Escritas en EEPROM*/
 137:C:/Jarboter_V_2_1/Firmware/Interface_uC_Peripherical/C/tw_teach_pendant.c **** 			rv=ee24xx_write_bytes(0,sizeof(int16),(uint8 *)&Num_Poses);	
 138:C:/Jarboter_V_2_1/Firmware/Interface_uC_Peripherical/C/tw_teach_pendant.c **** 			
 139:C:/Jarboter_V_2_1/Firmware/Interface_uC_Peripherical/C/tw_teach_pendant.c **** 			#ifdef DEBUGTWI
 140:C:/Jarboter_V_2_1/Firmware/Interface_uC_Peripherical/C/tw_teach_pendant.c **** 				printf("Adicionar_PoseTWI=> Numero de datos grabados corectamente al grabar Num_Poses => %d\n",
 141:C:/Jarboter_V_2_1/Firmware/Interface_uC_Peripherical/C/tw_teach_pendant.c **** 				printf("Adicionar_PoseTWI=> Num_Poses = %x\n",Num_Poses); 
 142:C:/Jarboter_V_2_1/Firmware/Interface_uC_Peripherical/C/tw_teach_pendant.c **** 			#endif		
 143:C:/Jarboter_V_2_1/Firmware/Interface_uC_Peripherical/C/tw_teach_pendant.c **** 		}		
 144:C:/Jarboter_V_2_1/Firmware/Interface_uC_Peripherical/C/tw_teach_pendant.c **** 	}
 145:C:/Jarboter_V_2_1/Firmware/Interface_uC_Peripherical/C/tw_teach_pendant.c **** 	
 146:C:/Jarboter_V_2_1/Firmware/Interface_uC_Peripherical/C/tw_teach_pendant.c **** 	return rv;
 147:C:/Jarboter_V_2_1/Firmware/Interface_uC_Peripherical/C/tw_teach_pendant.c **** }
 148:C:/Jarboter_V_2_1/Firmware/Interface_uC_Peripherical/C/tw_teach_pendant.c **** 
 149:C:/Jarboter_V_2_1/Firmware/Interface_uC_Peripherical/C/tw_teach_pendant.c **** /**************************************************************************************************
 150:C:/Jarboter_V_2_1/Firmware/Interface_uC_Peripherical/C/tw_teach_pendant.c **** int16 Leer_PoseTWI(uint16 id, PoseRobot *Pose)
 151:C:/Jarboter_V_2_1/Firmware/Interface_uC_Peripherical/C/tw_teach_pendant.c **** {
 152:C:/Jarboter_V_2_1/Firmware/Interface_uC_Peripherical/C/tw_teach_pendant.c **** 	int16 rv=-1;
 153:C:/Jarboter_V_2_1/Firmware/Interface_uC_Peripherical/C/tw_teach_pendant.c **** 	int32 addr; 	
 154:C:/Jarboter_V_2_1/Firmware/Interface_uC_Peripherical/C/tw_teach_pendant.c **** 	
 155:C:/Jarboter_V_2_1/Firmware/Interface_uC_Peripherical/C/tw_teach_pendant.c **** 	
 156:C:/Jarboter_V_2_1/Firmware/Interface_uC_Peripherical/C/tw_teach_pendant.c ****     
 157:C:/Jarboter_V_2_1/Firmware/Interface_uC_Peripherical/C/tw_teach_pendant.c **** 	/* Se busca la direccion en donde se encuentra la Pose */	
 158:C:/Jarboter_V_2_1/Firmware/Interface_uC_Peripherical/C/tw_teach_pendant.c **** 	addr=Found_Id(id);
 159:C:/Jarboter_V_2_1/Firmware/Interface_uC_Peripherical/C/tw_teach_pendant.c **** 	
 160:C:/Jarboter_V_2_1/Firmware/Interface_uC_Peripherical/C/tw_teach_pendant.c **** 	
 161:C:/Jarboter_V_2_1/Firmware/Interface_uC_Peripherical/C/tw_teach_pendant.c **** 	#ifdef DEBUGTWI
 162:C:/Jarboter_V_2_1/Firmware/Interface_uC_Peripherical/C/tw_teach_pendant.c **** 		printf("Leer_PoseTWI=> addr en Leer_PoseTWI => %ld \n",addr);
 163:C:/Jarboter_V_2_1/Firmware/Interface_uC_Peripherical/C/tw_teach_pendant.c **** 	#endif	
 164:C:/Jarboter_V_2_1/Firmware/Interface_uC_Peripherical/C/tw_teach_pendant.c **** 	
 165:C:/Jarboter_V_2_1/Firmware/Interface_uC_Peripherical/C/tw_teach_pendant.c **** 	/* Las direcciones validas de las poses empiezan a partir de 2*/
 166:C:/Jarboter_V_2_1/Firmware/Interface_uC_Peripherical/C/tw_teach_pendant.c **** 	if(addr >= 2)									
 167:C:/Jarboter_V_2_1/Firmware/Interface_uC_Peripherical/C/tw_teach_pendant.c **** 	{
 168:C:/Jarboter_V_2_1/Firmware/Interface_uC_Peripherical/C/tw_teach_pendant.c **** 		rv=ee24xx_read_bytes(addr,sizeof(PoseRobot),(uint8*) Pose);
 169:C:/Jarboter_V_2_1/Firmware/Interface_uC_Peripherical/C/tw_teach_pendant.c **** 		#ifdef DEBUGTWI
 170:C:/Jarboter_V_2_1/Firmware/Interface_uC_Peripherical/C/tw_teach_pendant.c **** 			printf("Leer_PoseTWI=> La cantidad de datos leidos es en Leer_PoseTWI => %d \n",rv);
 171:C:/Jarboter_V_2_1/Firmware/Interface_uC_Peripherical/C/tw_teach_pendant.c **** 		#endif	
 172:C:/Jarboter_V_2_1/Firmware/Interface_uC_Peripherical/C/tw_teach_pendant.c **** 	}	
 173:C:/Jarboter_V_2_1/Firmware/Interface_uC_Peripherical/C/tw_teach_pendant.c **** 	
 174:C:/Jarboter_V_2_1/Firmware/Interface_uC_Peripherical/C/tw_teach_pendant.c **** 	
 175:C:/Jarboter_V_2_1/Firmware/Interface_uC_Peripherical/C/tw_teach_pendant.c **** 	
 176:C:/Jarboter_V_2_1/Firmware/Interface_uC_Peripherical/C/tw_teach_pendant.c **** 	return rv;
 177:C:/Jarboter_V_2_1/Firmware/Interface_uC_Peripherical/C/tw_teach_pendant.c **** }
 178:C:/Jarboter_V_2_1/Firmware/Interface_uC_Peripherical/C/tw_teach_pendant.c **** /**************************************************************************************************
 179:C:/Jarboter_V_2_1/Firmware/Interface_uC_Peripherical/C/tw_teach_pendant.c **** int16 SobreEscribir_Pose(PoseRobot Pose)
 180:C:/Jarboter_V_2_1/Firmware/Interface_uC_Peripherical/C/tw_teach_pendant.c **** {
 181:C:/Jarboter_V_2_1/Firmware/Interface_uC_Peripherical/C/tw_teach_pendant.c **** 	int16 rv=-1;
 182:C:/Jarboter_V_2_1/Firmware/Interface_uC_Peripherical/C/tw_teach_pendant.c **** 	int32 addr; 	
 183:C:/Jarboter_V_2_1/Firmware/Interface_uC_Peripherical/C/tw_teach_pendant.c **** 	
 184:C:/Jarboter_V_2_1/Firmware/Interface_uC_Peripherical/C/tw_teach_pendant.c **** 	
 185:C:/Jarboter_V_2_1/Firmware/Interface_uC_Peripherical/C/tw_teach_pendant.c ****     
 186:C:/Jarboter_V_2_1/Firmware/Interface_uC_Peripherical/C/tw_teach_pendant.c **** 	/* Se busca la direccion en donde se encuentra la Pose*/	
 187:C:/Jarboter_V_2_1/Firmware/Interface_uC_Peripherical/C/tw_teach_pendant.c **** 	addr=Found_Id(Pose.id);
 188:C:/Jarboter_V_2_1/Firmware/Interface_uC_Peripherical/C/tw_teach_pendant.c **** 	
 189:C:/Jarboter_V_2_1/Firmware/Interface_uC_Peripherical/C/tw_teach_pendant.c **** 	
 190:C:/Jarboter_V_2_1/Firmware/Interface_uC_Peripherical/C/tw_teach_pendant.c **** 	#ifdef DEBUGTWI
 191:C:/Jarboter_V_2_1/Firmware/Interface_uC_Peripherical/C/tw_teach_pendant.c **** 		printf("SobreEscribir_Pose=> addr en SobreEscribir_Pose => %ld \n",addr);
 192:C:/Jarboter_V_2_1/Firmware/Interface_uC_Peripherical/C/tw_teach_pendant.c **** 	#endif	
 193:C:/Jarboter_V_2_1/Firmware/Interface_uC_Peripherical/C/tw_teach_pendant.c **** 	
 194:C:/Jarboter_V_2_1/Firmware/Interface_uC_Peripherical/C/tw_teach_pendant.c **** 	/* Las direcciones validas de las poses empiezan a partir de 2*/
 195:C:/Jarboter_V_2_1/Firmware/Interface_uC_Peripherical/C/tw_teach_pendant.c **** 	if(addr >= 2)									
 196:C:/Jarboter_V_2_1/Firmware/Interface_uC_Peripherical/C/tw_teach_pendant.c **** 	{
 197:C:/Jarboter_V_2_1/Firmware/Interface_uC_Peripherical/C/tw_teach_pendant.c **** 		rv=ee24xx_write_bytes(addr,sizeof(PoseRobot),(uint8*) &Pose);
 198:C:/Jarboter_V_2_1/Firmware/Interface_uC_Peripherical/C/tw_teach_pendant.c **** 		#ifdef DEBUGTWI
 199:C:/Jarboter_V_2_1/Firmware/Interface_uC_Peripherical/C/tw_teach_pendant.c **** 			printf("SobreEscribir_Pose=> La cantidad de datos escritos es en SobreEscribir_Pose => %d \n",rv
 200:C:/Jarboter_V_2_1/Firmware/Interface_uC_Peripherical/C/tw_teach_pendant.c **** 		#endif	
 201:C:/Jarboter_V_2_1/Firmware/Interface_uC_Peripherical/C/tw_teach_pendant.c **** 	}	
 202:C:/Jarboter_V_2_1/Firmware/Interface_uC_Peripherical/C/tw_teach_pendant.c **** 	
 203:C:/Jarboter_V_2_1/Firmware/Interface_uC_Peripherical/C/tw_teach_pendant.c **** 	return rv;
 204:C:/Jarboter_V_2_1/Firmware/Interface_uC_Peripherical/C/tw_teach_pendant.c **** 
 205:C:/Jarboter_V_2_1/Firmware/Interface_uC_Peripherical/C/tw_teach_pendant.c **** }
 206:C:/Jarboter_V_2_1/Firmware/Interface_uC_Peripherical/C/tw_teach_pendant.c **** 
 207:C:/Jarboter_V_2_1/Firmware/Interface_uC_Peripherical/C/tw_teach_pendant.c **** /**************************************************************************************************
 208:C:/Jarboter_V_2_1/Firmware/Interface_uC_Peripherical/C/tw_teach_pendant.c **** int16 return_id_vector(void)
 209:C:/Jarboter_V_2_1/Firmware/Interface_uC_Peripherical/C/tw_teach_pendant.c **** {
 210:C:/Jarboter_V_2_1/Firmware/Interface_uC_Peripherical/C/tw_teach_pendant.c **** 	int16 Num_Poses;
 211:C:/Jarboter_V_2_1/Firmware/Interface_uC_Peripherical/C/tw_teach_pendant.c **** 	int16 id_actual=-1;
 212:C:/Jarboter_V_2_1/Firmware/Interface_uC_Peripherical/C/tw_teach_pendant.c **** 	int32 addr; 	
 213:C:/Jarboter_V_2_1/Firmware/Interface_uC_Peripherical/C/tw_teach_pendant.c **** 	int16 i,rv=-1;
 214:C:/Jarboter_V_2_1/Firmware/Interface_uC_Peripherical/C/tw_teach_pendant.c ****   
 215:C:/Jarboter_V_2_1/Firmware/Interface_uC_Peripherical/C/tw_teach_pendant.c **** 	/*Se Determina la cantidad de Poses en EEPROM*/	
 216:C:/Jarboter_V_2_1/Firmware/Interface_uC_Peripherical/C/tw_teach_pendant.c **** 	Num_Poses = Get_Num_Poses();
 217:C:/Jarboter_V_2_1/Firmware/Interface_uC_Peripherical/C/tw_teach_pendant.c **** 	
 218:C:/Jarboter_V_2_1/Firmware/Interface_uC_Peripherical/C/tw_teach_pendant.c **** 	if (Num_Poses >=1)
 219:C:/Jarboter_V_2_1/Firmware/Interface_uC_Peripherical/C/tw_teach_pendant.c **** 	{	
 220:C:/Jarboter_V_2_1/Firmware/Interface_uC_Peripherical/C/tw_teach_pendant.c **** 		id_vector = declarar(sizeof(uint16)*(Num_Poses+1));
 221:C:/Jarboter_V_2_1/Firmware/Interface_uC_Peripherical/C/tw_teach_pendant.c **** 		id_vector[0]=Num_Poses+1;
 222:C:/Jarboter_V_2_1/Firmware/Interface_uC_Peripherical/C/tw_teach_pendant.c **** 		
 223:C:/Jarboter_V_2_1/Firmware/Interface_uC_Peripherical/C/tw_teach_pendant.c **** 		for (i=0;i<Num_Poses;i++)
 224:C:/Jarboter_V_2_1/Firmware/Interface_uC_Peripherical/C/tw_teach_pendant.c **** 		{
 225:C:/Jarboter_V_2_1/Firmware/Interface_uC_Peripherical/C/tw_teach_pendant.c **** 			
 226:C:/Jarboter_V_2_1/Firmware/Interface_uC_Peripherical/C/tw_teach_pendant.c **** 			/*Direccion de Comienzo de cada Pose*/
 227:C:/Jarboter_V_2_1/Firmware/Interface_uC_Peripherical/C/tw_teach_pendant.c **** 			addr= (int32) ((i)*sizeof(PoseRobot)+sizeof(int16)); 
 228:C:/Jarboter_V_2_1/Firmware/Interface_uC_Peripherical/C/tw_teach_pendant.c **** 			
 229:C:/Jarboter_V_2_1/Firmware/Interface_uC_Peripherical/C/tw_teach_pendant.c **** 			/*Pasar al Segundo Banco de Memoria */
 230:C:/Jarboter_V_2_1/Firmware/Interface_uC_Peripherical/C/tw_teach_pendant.c **** 			if(i > (MAX_POSES/2))
 231:C:/Jarboter_V_2_1/Firmware/Interface_uC_Peripherical/C/tw_teach_pendant.c **** 				addr=addr+ ADD_NUM;
 232:C:/Jarboter_V_2_1/Firmware/Interface_uC_Peripherical/C/tw_teach_pendant.c **** 		 
 233:C:/Jarboter_V_2_1/Firmware/Interface_uC_Peripherical/C/tw_teach_pendant.c **** 			rv=ee24xx_read_bytes(addr,sizeof(uint16),(uint8*) &id_actual);			
 234:C:/Jarboter_V_2_1/Firmware/Interface_uC_Peripherical/C/tw_teach_pendant.c **** 			
 235:C:/Jarboter_V_2_1/Firmware/Interface_uC_Peripherical/C/tw_teach_pendant.c **** 			if(rv)
 236:C:/Jarboter_V_2_1/Firmware/Interface_uC_Peripherical/C/tw_teach_pendant.c **** 			{
 237:C:/Jarboter_V_2_1/Firmware/Interface_uC_Peripherical/C/tw_teach_pendant.c **** 				id_vector[i+1]=id_actual;
 238:C:/Jarboter_V_2_1/Firmware/Interface_uC_Peripherical/C/tw_teach_pendant.c **** 				
 239:C:/Jarboter_V_2_1/Firmware/Interface_uC_Peripherical/C/tw_teach_pendant.c **** 				#ifdef DEBUGTWI
 240:C:/Jarboter_V_2_1/Firmware/Interface_uC_Peripherical/C/tw_teach_pendant.c **** 					printf("return_id_vector=> id_vector[%d] = %d \n",i+1,id_vector[i+1]);
 241:C:/Jarboter_V_2_1/Firmware/Interface_uC_Peripherical/C/tw_teach_pendant.c **** 				#endif	
 242:C:/Jarboter_V_2_1/Firmware/Interface_uC_Peripherical/C/tw_teach_pendant.c **** 			}
 243:C:/Jarboter_V_2_1/Firmware/Interface_uC_Peripherical/C/tw_teach_pendant.c **** 			else
 244:C:/Jarboter_V_2_1/Firmware/Interface_uC_Peripherical/C/tw_teach_pendant.c **** 				return rv; 								/* Error en la Lectura*/
 245:C:/Jarboter_V_2_1/Firmware/Interface_uC_Peripherical/C/tw_teach_pendant.c **** 		}
 246:C:/Jarboter_V_2_1/Firmware/Interface_uC_Peripherical/C/tw_teach_pendant.c **** 	}
 247:C:/Jarboter_V_2_1/Firmware/Interface_uC_Peripherical/C/tw_teach_pendant.c **** 	else
 248:C:/Jarboter_V_2_1/Firmware/Interface_uC_Peripherical/C/tw_teach_pendant.c **** 	{
 249:C:/Jarboter_V_2_1/Firmware/Interface_uC_Peripherical/C/tw_teach_pendant.c **** 		id_vector = declarar(sizeof(uint16)*(2));
 250:C:/Jarboter_V_2_1/Firmware/Interface_uC_Peripherical/C/tw_teach_pendant.c **** 		id_vector[0]=2;
 251:C:/Jarboter_V_2_1/Firmware/Interface_uC_Peripherical/C/tw_teach_pendant.c **** 		id_vector[1]=-1;
 252:C:/Jarboter_V_2_1/Firmware/Interface_uC_Peripherical/C/tw_teach_pendant.c **** 		return 0;										/* No hay Poses*/
 253:C:/Jarboter_V_2_1/Firmware/Interface_uC_Peripherical/C/tw_teach_pendant.c **** 	}
 254:C:/Jarboter_V_2_1/Firmware/Interface_uC_Peripherical/C/tw_teach_pendant.c **** 
 255:C:/Jarboter_V_2_1/Firmware/Interface_uC_Peripherical/C/tw_teach_pendant.c **** 	return 1;	
 256:C:/Jarboter_V_2_1/Firmware/Interface_uC_Peripherical/C/tw_teach_pendant.c **** }
 257:C:/Jarboter_V_2_1/Firmware/Interface_uC_Peripherical/C/tw_teach_pendant.c **** 
 258:C:/Jarboter_V_2_1/Firmware/Interface_uC_Peripherical/C/tw_teach_pendant.c **** /**************************************************************************************************
 259:C:/Jarboter_V_2_1/Firmware/Interface_uC_Peripherical/C/tw_teach_pendant.c **** int16 BorrarEEPROM(void)
 260:C:/Jarboter_V_2_1/Firmware/Interface_uC_Peripherical/C/tw_teach_pendant.c **** {
 261:C:/Jarboter_V_2_1/Firmware/Interface_uC_Peripherical/C/tw_teach_pendant.c **** 	uint16 Num_Poses;
 262:C:/Jarboter_V_2_1/Firmware/Interface_uC_Peripherical/C/tw_teach_pendant.c **** 	int16 rv;
 263:C:/Jarboter_V_2_1/Firmware/Interface_uC_Peripherical/C/tw_teach_pendant.c ****    
 264:C:/Jarboter_V_2_1/Firmware/Interface_uC_Peripherical/C/tw_teach_pendant.c **** 	Num_Poses=0;
 265:C:/Jarboter_V_2_1/Firmware/Interface_uC_Peripherical/C/tw_teach_pendant.c **** 	
 266:C:/Jarboter_V_2_1/Firmware/Interface_uC_Peripherical/C/tw_teach_pendant.c **** 	/* actualizo Num_Poses */
 267:C:/Jarboter_V_2_1/Firmware/Interface_uC_Peripherical/C/tw_teach_pendant.c **** 	rv=ee24xx_write_bytes(0,sizeof(uint16),(uint8 *)&Num_Poses);	
 268:C:/Jarboter_V_2_1/Firmware/Interface_uC_Peripherical/C/tw_teach_pendant.c **** 	#ifdef DEBUGTWI
 269:C:/Jarboter_V_2_1/Firmware/Interface_uC_Peripherical/C/tw_teach_pendant.c **** 		printf("BorrarEEPROM=> Numero de BYTES grabados corectamente en BorrarEErom => %d\n",rv);
 270:C:/Jarboter_V_2_1/Firmware/Interface_uC_Peripherical/C/tw_teach_pendant.c **** 		rv=ee24xx_read_bytes(0,sizeof(uint16),(uint8 *)&Num_Poses);
 271:C:/Jarboter_V_2_1/Firmware/Interface_uC_Peripherical/C/tw_teach_pendant.c **** 		printf("BorrarEEPROM=> Numero de BYTES ledos corectamente en BorrarEErom => %d\n",rv);
 272:C:/Jarboter_V_2_1/Firmware/Interface_uC_Peripherical/C/tw_teach_pendant.c **** 		printf("BorrarEEPROM=> Num_Poses = %x\n",Num_Poses);
 273:C:/Jarboter_V_2_1/Firmware/Interface_uC_Peripherical/C/tw_teach_pendant.c ****    #endif
 274:C:/Jarboter_V_2_1/Firmware/Interface_uC_Peripherical/C/tw_teach_pendant.c **** 
 275:C:/Jarboter_V_2_1/Firmware/Interface_uC_Peripherical/C/tw_teach_pendant.c **** return rv;
 276:C:/Jarboter_V_2_1/Firmware/Interface_uC_Peripherical/C/tw_teach_pendant.c **** }
 277:C:/Jarboter_V_2_1/Firmware/Interface_uC_Peripherical/C/tw_teach_pendant.c **** /**************************************************************************************************
 278:C:/Jarboter_V_2_1/Firmware/Interface_uC_Peripherical/C/tw_teach_pendant.c **** /*-----------------------------------------------------------------------------------------*/
 279:C:/Jarboter_V_2_1/Firmware/Interface_uC_Peripherical/C/tw_teach_pendant.c **** /*No podemos Usa rxTrajectory */
 280:C:/Jarboter_V_2_1/Firmware/Interface_uC_Peripherical/C/tw_teach_pendant.c **** /*Crea un trayectory utilizando las posiciones del Vector de Ids*/
 281:C:/Jarboter_V_2_1/Firmware/Interface_uC_Peripherical/C/tw_teach_pendant.c **** int16  Vector2Trajectory(uint16 *vector)
 282:C:/Jarboter_V_2_1/Firmware/Interface_uC_Peripherical/C/tw_teach_pendant.c **** {	
 283:C:/Jarboter_V_2_1/Firmware/Interface_uC_Peripherical/C/tw_teach_pendant.c **** 	int16 num_datos,i,rv, axis;
 284:C:/Jarboter_V_2_1/Firmware/Interface_uC_Peripherical/C/tw_teach_pendant.c **** 	uint16 id_pose;
 285:C:/Jarboter_V_2_1/Firmware/Interface_uC_Peripherical/C/tw_teach_pendant.c **** 	PoseRobot Pose;	
 286:C:/Jarboter_V_2_1/Firmware/Interface_uC_Peripherical/C/tw_teach_pendant.c **** 	extern int16 FlagrxVectorok;
 287:C:/Jarboter_V_2_1/Firmware/Interface_uC_Peripherical/C/tw_teach_pendant.c **** 	
 288:C:/Jarboter_V_2_1/Firmware/Interface_uC_Peripherical/C/tw_teach_pendant.c **** 	num_datos=vector[0];								//numero de datos del vector
 289:C:/Jarboter_V_2_1/Firmware/Interface_uC_Peripherical/C/tw_teach_pendant.c **** 	if(FlagrxVectorok)	
 290:C:/Jarboter_V_2_1/Firmware/Interface_uC_Peripherical/C/tw_teach_pendant.c **** 		free(Trajectoryvector.point);
 291:C:/Jarboter_V_2_1/Firmware/Interface_uC_Peripherical/C/tw_teach_pendant.c **** 		
 292:C:/Jarboter_V_2_1/Firmware/Interface_uC_Peripherical/C/tw_teach_pendant.c **** 	Trajectoryvector.point= declarar(sizeof(tpoint)*num_datos);//asigno memoria a los puntos
 293:C:/Jarboter_V_2_1/Firmware/Interface_uC_Peripherical/C/tw_teach_pendant.c **** 	
 294:C:/Jarboter_V_2_1/Firmware/Interface_uC_Peripherical/C/tw_teach_pendant.c **** 	
 295:C:/Jarboter_V_2_1/Firmware/Interface_uC_Peripherical/C/tw_teach_pendant.c **** 	//lleno los campos de la trayectoria como size e invalid mask
 296:C:/Jarboter_V_2_1/Firmware/Interface_uC_Peripherical/C/tw_teach_pendant.c **** 	Trajectoryvector.size=	num_datos-1;
 297:C:/Jarboter_V_2_1/Firmware/Interface_uC_Peripherical/C/tw_teach_pendant.c **** 	Trajectoryvector.invalidmask= (WaistMask |ShoulderMask | ElbowMask | PitchMask| RollMask);
 298:C:/Jarboter_V_2_1/Firmware/Interface_uC_Peripherical/C/tw_teach_pendant.c **** 	
 299:C:/Jarboter_V_2_1/Firmware/Interface_uC_Peripherical/C/tw_teach_pendant.c **** 	printf("Vector2Trajectory=> Trajectoryvector.size= %d\n",Trajectoryvector.size);
 300:C:/Jarboter_V_2_1/Firmware/Interface_uC_Peripherical/C/tw_teach_pendant.c **** 	printf("Vector2Trajectory=> Trajectoryvector.invalidmask= = %d\n",Trajectoryvector.invalidmask);
 301:C:/Jarboter_V_2_1/Firmware/Interface_uC_Peripherical/C/tw_teach_pendant.c **** 	for (i=1;i<num_datos;i++)
 302:C:/Jarboter_V_2_1/Firmware/Interface_uC_Peripherical/C/tw_teach_pendant.c **** 	{
 303:C:/Jarboter_V_2_1/Firmware/Interface_uC_Peripherical/C/tw_teach_pendant.c **** 		id_pose= vector[i];								//Obtengo el Id de la Pose		
 304:C:/Jarboter_V_2_1/Firmware/Interface_uC_Peripherical/C/tw_teach_pendant.c **** 		rv=	Leer_PoseTWI(id_pose, &Pose);				//obtener la Pose del Robot almacenada en EEPROM
 305:C:/Jarboter_V_2_1/Firmware/Interface_uC_Peripherical/C/tw_teach_pendant.c **** 		#ifdef DEBUGUSBLevel1
 306:C:/Jarboter_V_2_1/Firmware/Interface_uC_Peripherical/C/tw_teach_pendant.c **** 		printf("Vector2Trajectory=> Pose.Pos_Wrist = %ld\n",Pose.Pos_Wrist);
 307:C:/Jarboter_V_2_1/Firmware/Interface_uC_Peripherical/C/tw_teach_pendant.c **** 		printf("Vector2Trajectory=> Pose.Pos_Sholder = %ld\n",Pose.Pos_Shoulder);
 308:C:/Jarboter_V_2_1/Firmware/Interface_uC_Peripherical/C/tw_teach_pendant.c **** 		printf("Vector2Trajectory=> Pose.Pos_Elbow = %ld\n",Pose.Pos_Elbow);
 309:C:/Jarboter_V_2_1/Firmware/Interface_uC_Peripherical/C/tw_teach_pendant.c **** 		printf("Vector2Trajectory=> Pose.Pos_Pitch = %ld\n",Pose.Pos_Pitch);
 310:C:/Jarboter_V_2_1/Firmware/Interface_uC_Peripherical/C/tw_teach_pendant.c **** 		printf("Vector2Trajectory=> Pose.Pos_Roll = %ld\n",Pose.Pos_Roll);
 311:C:/Jarboter_V_2_1/Firmware/Interface_uC_Peripherical/C/tw_teach_pendant.c **** 		printf("Vector2Trajectory=> Pose.id = %d\n",Pose.id);
 312:C:/Jarboter_V_2_1/Firmware/Interface_uC_Peripherical/C/tw_teach_pendant.c **** 		#endif
 313:C:/Jarboter_V_2_1/Firmware/Interface_uC_Peripherical/C/tw_teach_pendant.c **** 		if(rv>0)
 314:C:/Jarboter_V_2_1/Firmware/Interface_uC_Peripherical/C/tw_teach_pendant.c **** 		{
 315:C:/Jarboter_V_2_1/Firmware/Interface_uC_Peripherical/C/tw_teach_pendant.c **** 			//LLeno el Campo de Posicion de la Trayectoria
 316:C:/Jarboter_V_2_1/Firmware/Interface_uC_Peripherical/C/tw_teach_pendant.c **** 			Trajectoryvector.point[(i-1)].axis[AxisWaist].position=Pose.Pos_Waist;
 317:C:/Jarboter_V_2_1/Firmware/Interface_uC_Peripherical/C/tw_teach_pendant.c **** 			Trajectoryvector.point[(i-1)].axis[AxisShoulder].position=Pose.Pos_Shoulder;
 318:C:/Jarboter_V_2_1/Firmware/Interface_uC_Peripherical/C/tw_teach_pendant.c **** 			Trajectoryvector.point[(i-1)].axis[AxisElbow].position=Pose.Pos_Elbow;
 319:C:/Jarboter_V_2_1/Firmware/Interface_uC_Peripherical/C/tw_teach_pendant.c **** 			Trajectoryvector.point[(i-1)].axis[AxisPitch].position=Pose.Pos_Pitch;
 320:C:/Jarboter_V_2_1/Firmware/Interface_uC_Peripherical/C/tw_teach_pendant.c **** 			Trajectoryvector.point[(i-1)].axis[AxisRoll].position=Pose.Pos_Roll;
 321:C:/Jarboter_V_2_1/Firmware/Interface_uC_Peripherical/C/tw_teach_pendant.c **** 			Trajectoryvector.point[(i-1)].Gripper_Status=Pose.Gripper_Status;
 322:C:/Jarboter_V_2_1/Firmware/Interface_uC_Peripherical/C/tw_teach_pendant.c **** 			
 323:C:/Jarboter_V_2_1/Firmware/Interface_uC_Peripherical/C/tw_teach_pendant.c **** 			#ifdef DEBUGUSBLevel1
 324:C:/Jarboter_V_2_1/Firmware/Interface_uC_Peripherical/C/tw_teach_pendant.c **** 			printf("Vector2Trajectory=> Ha sido Llenado la estructura  Trajectoryvector\n");
 325:C:/Jarboter_V_2_1/Firmware/Interface_uC_Peripherical/C/tw_teach_pendant.c **** 			printf("Vector2Trajectory=> La posicion de %s es en packetIO.c => %ld\n",AxisName(AxisWaist),
 326:C:/Jarboter_V_2_1/Firmware/Interface_uC_Peripherical/C/tw_teach_pendant.c **** 				   Trajectoryvector.point[(i-1)].axis[AxisWaist].position);
 327:C:/Jarboter_V_2_1/Firmware/Interface_uC_Peripherical/C/tw_teach_pendant.c **** 			printf("Vector2Trajectory=> La posicion de %s es en packetIO.c => %ld\n",AxisName(AxisShoulder),
 328:C:/Jarboter_V_2_1/Firmware/Interface_uC_Peripherical/C/tw_teach_pendant.c **** 				   Trajectoryvector.point[(i-1)].axis[AxisShoulder].position);
 329:C:/Jarboter_V_2_1/Firmware/Interface_uC_Peripherical/C/tw_teach_pendant.c **** 			printf("Vector2Trajectory=> La posicion de %s es en packetIO.c => %ld\n",AxisName(AxisElbow),
 330:C:/Jarboter_V_2_1/Firmware/Interface_uC_Peripherical/C/tw_teach_pendant.c **** 				   Trajectoryvector.point[(i-1)].axis[AxisElbow].position);
 331:C:/Jarboter_V_2_1/Firmware/Interface_uC_Peripherical/C/tw_teach_pendant.c **** 			printf("Vector2Trajectory=> La posicion de %s es en packetIO.c => %ld\n",AxisName(AxisPitch),
 332:C:/Jarboter_V_2_1/Firmware/Interface_uC_Peripherical/C/tw_teach_pendant.c **** 				   Trajectoryvector.point[(i-1)].axis[AxisPitch].position);
 333:C:/Jarboter_V_2_1/Firmware/Interface_uC_Peripherical/C/tw_teach_pendant.c **** 			printf("Vector2Trajectory=> La posicion de %s es en packetIO.c => %ld\n",AxisName(AxisRoll),
 334:C:/Jarboter_V_2_1/Firmware/Interface_uC_Peripherical/C/tw_teach_pendant.c **** 				   Trajectoryvector->point[(i-1)].axis[AxisRoll].position);
 335:C:/Jarboter_V_2_1/Firmware/Interface_uC_Peripherical/C/tw_teach_pendant.c **** 			
 336:C:/Jarboter_V_2_1/Firmware/Interface_uC_Peripherical/C/tw_teach_pendant.c **** 			#endif
 337:C:/Jarboter_V_2_1/Firmware/Interface_uC_Peripherical/C/tw_teach_pendant.c **** 			//LLeno los demas Campos de la Trayectoria. Velocidad y Aceleracion maximos
 338:C:/Jarboter_V_2_1/Firmware/Interface_uC_Peripherical/C/tw_teach_pendant.c **** 			for(axis=0; axis < DOF; axis++) 
 339:C:/Jarboter_V_2_1/Firmware/Interface_uC_Peripherical/C/tw_teach_pendant.c **** 			{
 340:C:/Jarboter_V_2_1/Firmware/Interface_uC_Peripherical/C/tw_teach_pendant.c **** 				Trajectoryvector.point[(i-1)].axis[axis].velocity=hAxis[axis].axisSettings.homeVelocity;
 341:C:/Jarboter_V_2_1/Firmware/Interface_uC_Peripherical/C/tw_teach_pendant.c **** 				Trajectoryvector.point[(i-1)].axis[axis].acceleration=hAxis[axis].axisSettings.homeAcceleration
 342:C:/Jarboter_V_2_1/Firmware/Interface_uC_Peripherical/C/tw_teach_pendant.c **** 			}	
 343:C:/Jarboter_V_2_1/Firmware/Interface_uC_Peripherical/C/tw_teach_pendant.c **** 		}
 344:C:/Jarboter_V_2_1/Firmware/Interface_uC_Peripherical/C/tw_teach_pendant.c **** 		else
 345:C:/Jarboter_V_2_1/Firmware/Interface_uC_Peripherical/C/tw_teach_pendant.c **** 			return -1;
 346:C:/Jarboter_V_2_1/Firmware/Interface_uC_Peripherical/C/tw_teach_pendant.c **** 		
 347:C:/Jarboter_V_2_1/Firmware/Interface_uC_Peripherical/C/tw_teach_pendant.c **** 	}	
 348:C:/Jarboter_V_2_1/Firmware/Interface_uC_Peripherical/C/tw_teach_pendant.c **** 	
 349:C:/Jarboter_V_2_1/Firmware/Interface_uC_Peripherical/C/tw_teach_pendant.c **** 	
 350:C:/Jarboter_V_2_1/Firmware/Interface_uC_Peripherical/C/tw_teach_pendant.c **** 	/*
 351:C:/Jarboter_V_2_1/Firmware/Interface_uC_Peripherical/C/tw_teach_pendant.c **** 	for (i=1;i<num_datos;i++)
 352:C:/Jarboter_V_2_1/Firmware/Interface_uC_Peripherical/C/tw_teach_pendant.c **** 	{
 353:C:/Jarboter_V_2_1/Firmware/Interface_uC_Peripherical/C/tw_teach_pendant.c **** 	for(axis=0; axis < DOF; axis++) 
 354:C:/Jarboter_V_2_1/Firmware/Interface_uC_Peripherical/C/tw_teach_pendant.c **** 		{
 355:C:/Jarboter_V_2_1/Firmware/Interface_uC_Peripherical/C/tw_teach_pendant.c **** 			switch (axis)
 356:C:/Jarboter_V_2_1/Firmware/Interface_uC_Peripherical/C/tw_teach_pendant.c **** 			{
 357:C:/Jarboter_V_2_1/Firmware/Interface_uC_Peripherical/C/tw_teach_pendant.c **** 				//Velocidades tomadas de homeVelocity, no se modifico tAxisSettings
 358:C:/Jarboter_V_2_1/Firmware/Interface_uC_Peripherical/C/tw_teach_pendant.c **** 				//para evitar problemas con la memoria.
 359:C:/Jarboter_V_2_1/Firmware/Interface_uC_Peripherical/C/tw_teach_pendant.c **** 				
 360:C:/Jarboter_V_2_1/Firmware/Interface_uC_Peripherical/C/tw_teach_pendant.c **** 				case (AxisWaist):
 361:C:/Jarboter_V_2_1/Firmware/Interface_uC_Peripherical/C/tw_teach_pendant.c **** 					Trajectoryvector.point[(i-1)].axis[AxisWaist].velocity=//66834;
 362:C:/Jarboter_V_2_1/Firmware/Interface_uC_Peripherical/C/tw_teach_pendant.c **** 					hAxis[AxisWaist].axisSettings.homeVelocity;
 363:C:/Jarboter_V_2_1/Firmware/Interface_uC_Peripherical/C/tw_teach_pendant.c **** 					Trajectoryvector.point[(i-1)].axis[AxisWaist].acceleration=//40;
 364:C:/Jarboter_V_2_1/Firmware/Interface_uC_Peripherical/C/tw_teach_pendant.c **** 					hAxis[AxisWaist].axisSettings.homeAcceleration;
 365:C:/Jarboter_V_2_1/Firmware/Interface_uC_Peripherical/C/tw_teach_pendant.c **** 				break;
 366:C:/Jarboter_V_2_1/Firmware/Interface_uC_Peripherical/C/tw_teach_pendant.c **** 				case (AxisShoulder):
 367:C:/Jarboter_V_2_1/Firmware/Interface_uC_Peripherical/C/tw_teach_pendant.c **** 					Trajectoryvector.point[(i-1)].axis[AxisShoulder].velocity=//841238;
 368:C:/Jarboter_V_2_1/Firmware/Interface_uC_Peripherical/C/tw_teach_pendant.c **** 					hAxis[AxisShoulder].axisSettings.homeVelocity;
 369:C:/Jarboter_V_2_1/Firmware/Interface_uC_Peripherical/C/tw_teach_pendant.c **** 					Trajectoryvector.point[(i-1)].axis[AxisShoulder].acceleration=//202;
 370:C:/Jarboter_V_2_1/Firmware/Interface_uC_Peripherical/C/tw_teach_pendant.c **** 					hAxis[AxisShoulder].axisSettings.homeAcceleration;
 371:C:/Jarboter_V_2_1/Firmware/Interface_uC_Peripherical/C/tw_teach_pendant.c **** 				break;
 372:C:/Jarboter_V_2_1/Firmware/Interface_uC_Peripherical/C/tw_teach_pendant.c **** 				case (AxisElbow):
 373:C:/Jarboter_V_2_1/Firmware/Interface_uC_Peripherical/C/tw_teach_pendant.c **** 					Trajectoryvector.point[(i-1)].axis[AxisElbow].velocity=//838511;
 374:C:/Jarboter_V_2_1/Firmware/Interface_uC_Peripherical/C/tw_teach_pendant.c **** 					hAxis[AxisElbow].axisSettings.homeVelocity;
 375:C:/Jarboter_V_2_1/Firmware/Interface_uC_Peripherical/C/tw_teach_pendant.c **** 					Trajectoryvector.point[(i-1)].axis[AxisElbow].acceleration=//202;
 376:C:/Jarboter_V_2_1/Firmware/Interface_uC_Peripherical/C/tw_teach_pendant.c **** 					hAxis[AxisElbow].axisSettings.homeAcceleration;
 377:C:/Jarboter_V_2_1/Firmware/Interface_uC_Peripherical/C/tw_teach_pendant.c **** 				break;
 378:C:/Jarboter_V_2_1/Firmware/Interface_uC_Peripherical/C/tw_teach_pendant.c **** 				case (AxisPitch):
 379:C:/Jarboter_V_2_1/Firmware/Interface_uC_Peripherical/C/tw_teach_pendant.c **** 					Trajectoryvector.point[(i-1)].axis[AxisPitch].velocity=//108158;
 380:C:/Jarboter_V_2_1/Firmware/Interface_uC_Peripherical/C/tw_teach_pendant.c **** 					hAxis[AxisPitch].axisSettings.homeVelocity;
 381:C:/Jarboter_V_2_1/Firmware/Interface_uC_Peripherical/C/tw_teach_pendant.c **** 					Trajectoryvector.point[(i-1)].axis[AxisPitch].acceleration=//49;
 382:C:/Jarboter_V_2_1/Firmware/Interface_uC_Peripherical/C/tw_teach_pendant.c **** 					hAxis[AxisPitch].axisSettings.homeAcceleration;
 383:C:/Jarboter_V_2_1/Firmware/Interface_uC_Peripherical/C/tw_teach_pendant.c **** 				break;
 384:C:/Jarboter_V_2_1/Firmware/Interface_uC_Peripherical/C/tw_teach_pendant.c **** 				case (AxisRoll):
 385:C:/Jarboter_V_2_1/Firmware/Interface_uC_Peripherical/C/tw_teach_pendant.c **** 					Trajectoryvector.point[(i-1)].axis[AxisRoll].velocity=//111316;
 386:C:/Jarboter_V_2_1/Firmware/Interface_uC_Peripherical/C/tw_teach_pendant.c **** 					hAxis[AxisRoll].axisSettings.homeVelocity;
 387:C:/Jarboter_V_2_1/Firmware/Interface_uC_Peripherical/C/tw_teach_pendant.c **** 					Trajectoryvector.point[(i-1)].axis[AxisRoll].acceleration=//33;
 388:C:/Jarboter_V_2_1/Firmware/Interface_uC_Peripherical/C/tw_teach_pendant.c **** 					hAxis[AxisRoll].axisSettings.homeAcceleration;
 389:C:/Jarboter_V_2_1/Firmware/Interface_uC_Peripherical/C/tw_teach_pendant.c **** 				break;
 390:C:/Jarboter_V_2_1/Firmware/Interface_uC_Peripherical/C/tw_teach_pendant.c **** 			}
 391:C:/Jarboter_V_2_1/Firmware/Interface_uC_Peripherical/C/tw_teach_pendant.c **** 		}
 392:C:/Jarboter_V_2_1/Firmware/Interface_uC_Peripherical/C/tw_teach_pendant.c **** 	}*/
 393:C:/Jarboter_V_2_1/Firmware/Interface_uC_Peripherical/C/tw_teach_pendant.c **** 	return 0;
 394:C:/Jarboter_V_2_1/Firmware/Interface_uC_Peripherical/C/tw_teach_pendant.c **** }
 395:C:/Jarboter_V_2_1/Firmware/Interface_uC_Peripherical/C/tw_teach_pendant.c **** 
 396:C:/Jarboter_V_2_1/Firmware/Interface_uC_Peripherical/C/tw_teach_pendant.c **** /**************************************************************************************************
 397:C:/Jarboter_V_2_1/Firmware/Interface_uC_Peripherical/C/tw_teach_pendant.c **** /*Llena una trayectoria de un punto, para luego poder ejecutarla con teach_pendant_point() */
 398:C:/Jarboter_V_2_1/Firmware/Interface_uC_Peripherical/C/tw_teach_pendant.c **** void Pose2rxTrayectoria(PoseRobot* EEpromPose)
 399:C:/Jarboter_V_2_1/Firmware/Interface_uC_Peripherical/C/tw_teach_pendant.c **** {
 237               	LFBB1
 238               	.LM0:
 239               	.LFBB1:
 240 0000 CF93      		push r28
 241 0002 DF93      		push r29
 242               	/* prologue: function */
 243               	/* frame size = 0 */
 244 0004 EC01      		movw r28,r24
 400:C:/Jarboter_V_2_1/Firmware/Interface_uC_Peripherical/C/tw_teach_pendant.c **** 
 401:C:/Jarboter_V_2_1/Firmware/Interface_uC_Peripherical/C/tw_teach_pendant.c **** 	
 402:C:/Jarboter_V_2_1/Firmware/Interface_uC_Peripherical/C/tw_teach_pendant.c **** 	if(FlagTrayecPuntook)
 245               	68,0,402,.LM1-.LFBB1
 246               	.LM1:
 247 0006 8091 0000 		lds r24,FlagTrayecPuntook
 248 000a 9091 0000 		lds r25,(FlagTrayecPuntook)+1
 249 000e 892B      		or r24,r25
 250 0010 01F0      		breq .L2
 403:C:/Jarboter_V_2_1/Firmware/Interface_uC_Peripherical/C/tw_teach_pendant.c **** 		free(Trajectoryvectorpunto.point);
 251               	n	68,0,403,.LM2-.LFBB1
 252               	.LM2:
 253 0012 8091 0000 		lds r24,Trajectoryvectorpunto+4
 254 0016 9091 0000 		lds r25,(Trajectoryvectorpunto+4)+1
 255 001a 0E94 0000 		call free
 256               	.L2:
 404:C:/Jarboter_V_2_1/Firmware/Interface_uC_Peripherical/C/tw_teach_pendant.c **** 	
 405:C:/Jarboter_V_2_1/Firmware/Interface_uC_Peripherical/C/tw_teach_pendant.c **** 	Trajectoryvectorpunto.point=(tpoint*)declarar(sizeof(tpoint));
 257               	n	68,0,405,.LM3-.LFBB1
 258               	.LM3:
 259 001e 8DE3      		ldi r24,lo8(61)
 260 0020 90E0      		ldi r25,hi8(61)
 261 0022 0E94 0000 		call declarar
 262 0026 FC01      		movw r30,r24
 263 0028 9093 0000 		sts (Trajectoryvectorpunto+4)+1,r25
 264 002c 8093 0000 		sts Trajectoryvectorpunto+4,r24
 406:C:/Jarboter_V_2_1/Firmware/Interface_uC_Peripherical/C/tw_teach_pendant.c **** 	Trajectoryvectorpunto.size=1;
 265               	68,0,406,.LM4-.LFBB1
 266               	.LM4:
 267 0030 21E0      		ldi r18,lo8(1)
 268 0032 30E0      		ldi r19,hi8(1)
 269 0034 3093 0000 		sts (Trajectoryvectorpunto)+1,r19
 270 0038 2093 0000 		sts Trajectoryvectorpunto,r18
 407:C:/Jarboter_V_2_1/Firmware/Interface_uC_Peripherical/C/tw_teach_pendant.c **** 	/* se habilitan todos los ejes para el movimiento*/
 408:C:/Jarboter_V_2_1/Firmware/Interface_uC_Peripherical/C/tw_teach_pendant.c **** 	Trajectoryvectorpunto.invalidmask=0x1F; 
 271               	n	68,0,408,.LM5-.LFBB1
 272               	.LM5:
 273 003c 8FE1      		ldi r24,lo8(31)
 274 003e 90E0      		ldi r25,hi8(31)
 275 0040 9093 0000 		sts (Trajectoryvectorpunto+2)+1,r25
 276 0044 8093 0000 		sts Trajectoryvectorpunto+2,r24
 409:C:/Jarboter_V_2_1/Firmware/Interface_uC_Peripherical/C/tw_teach_pendant.c **** 	
 410:C:/Jarboter_V_2_1/Firmware/Interface_uC_Peripherical/C/tw_teach_pendant.c **** 	/*Velocidades tomadas de homeVelocity, no se modifico tAxisSettings
 411:C:/Jarboter_V_2_1/Firmware/Interface_uC_Peripherical/C/tw_teach_pendant.c **** 		para evitar problemas con la memoria.*/
 412:C:/Jarboter_V_2_1/Firmware/Interface_uC_Peripherical/C/tw_teach_pendant.c **** 	Trajectoryvectorpunto.point[0].axis[AxisWaist].position=EEpromPose->Pos_Waist;	
 277               	n	68,0,412,.LM6-.LFBB1
 278               	.LM6:
 279 0048 8A81      		ldd r24,Y+2
 280 004a 9B81      		ldd r25,Y+3
 281 004c AC81      		ldd r26,Y+4
 282 004e BD81      		ldd r27,Y+5
 283 0050 8083      		st Z,r24
 284 0052 9183      		std Z+1,r25
 285 0054 A283      		std Z+2,r26
 286 0056 B383      		std Z+3,r27
 413:C:/Jarboter_V_2_1/Firmware/Interface_uC_Peripherical/C/tw_teach_pendant.c **** 	Trajectoryvectorpunto.point[0].axis[AxisWaist].velocity=//155945;//70°/seg;
 287               	,0,413,.LM7-.LFBB1
 288               	.LM7:
 289 0058 8091 0000 		lds r24,hAxis+64
 290 005c 9091 0000 		lds r25,(hAxis+64)+1
 291 0060 A091 0000 		lds r26,(hAxis+64)+2
 292 0064 B091 0000 		lds r27,(hAxis+64)+3
 293 0068 8483      		std Z+4,r24
 294 006a 9583      		std Z+5,r25
 295 006c A683      		std Z+6,r26
 296 006e B783      		std Z+7,r27
 414:C:/Jarboter_V_2_1/Firmware/Interface_uC_Peripherical/C/tw_teach_pendant.c **** 	hAxis[AxisWaist].axisSettings.homeVelocity;
 415:C:/Jarboter_V_2_1/Firmware/Interface_uC_Peripherical/C/tw_teach_pendant.c **** 	Trajectoryvectorpunto.point[0].axis[AxisWaist].acceleration=//80;//60
 297               	,0,415,.LM8-.LFBB1
 298               	.LM8:
 299 0070 8091 0000 		lds r24,hAxis+68
 300 0074 9091 0000 		lds r25,(hAxis+68)+1
 301 0078 A091 0000 		lds r26,(hAxis+68)+2
 302 007c B091 0000 		lds r27,(hAxis+68)+3
 303 0080 8087      		std Z+8,r24
 304 0082 9187      		std Z+9,r25
 305 0084 A287      		std Z+10,r26
 306 0086 B387      		std Z+11,r27
 416:C:/Jarboter_V_2_1/Firmware/Interface_uC_Peripherical/C/tw_teach_pendant.c **** 	hAxis[AxisWaist].axisSettings.homeAcceleration;
 417:C:/Jarboter_V_2_1/Firmware/Interface_uC_Peripherical/C/tw_teach_pendant.c **** 	
 418:C:/Jarboter_V_2_1/Firmware/Interface_uC_Peripherical/C/tw_teach_pendant.c **** 	Trajectoryvectorpunto.point[0].axis[AxisShoulder].position=EEpromPose->Pos_Shoulder;
 307               	,0,418,.LM9-.LFBB1
 308               	.LM9:
 309 0088 8E81      		ldd r24,Y+6
 310 008a 9F81      		ldd r25,Y+7
 311 008c A885      		ldd r26,Y+8
 312 008e B985      		ldd r27,Y+9
 313 0090 8487      		std Z+12,r24
 314 0092 9587      		std Z+13,r25
 315 0094 A687      		std Z+14,r26
 316 0096 B787      		std Z+15,r27
 419:C:/Jarboter_V_2_1/Firmware/Interface_uC_Peripherical/C/tw_teach_pendant.c **** 	Trajectoryvectorpunto.point[0].axis[AxisShoulder].velocity=//1151798; //7°/seg
 317               	,0,419,.LM10-.LFBB1
 318               	.LM10:
 319 0098 8091 0000 		lds r24,hAxis+160
 320 009c 9091 0000 		lds r25,(hAxis+160)+1
 321 00a0 A091 0000 		lds r26,(hAxis+160)+2
 322 00a4 B091 0000 		lds r27,(hAxis+160)+3
 323 00a8 808B      		std Z+16,r24
 324 00aa 918B      		std Z+17,r25
 325 00ac A28B      		std Z+18,r26
 326 00ae B38B      		std Z+19,r27
 420:C:/Jarboter_V_2_1/Firmware/Interface_uC_Peripherical/C/tw_teach_pendant.c **** 	hAxis[AxisShoulder].axisSettings.homeVelocity;
 421:C:/Jarboter_V_2_1/Firmware/Interface_uC_Peripherical/C/tw_teach_pendant.c **** 	Trajectoryvectorpunto.point[0].axis[AxisShoulder].acceleration=//395; //4
 327               	,0,421,.LM11-.LFBB1
 328               	.LM11:
 329 00b0 8091 0000 		lds r24,hAxis+164
 330 00b4 9091 0000 		lds r25,(hAxis+164)+1
 331 00b8 A091 0000 		lds r26,(hAxis+164)+2
 332 00bc B091 0000 		lds r27,(hAxis+164)+3
 333 00c0 848B      		std Z+20,r24
 334 00c2 958B      		std Z+21,r25
 335 00c4 A68B      		std Z+22,r26
 336 00c6 B78B      		std Z+23,r27
 422:C:/Jarboter_V_2_1/Firmware/Interface_uC_Peripherical/C/tw_teach_pendant.c **** 	hAxis[AxisShoulder].axisSettings.homeAcceleration;
 423:C:/Jarboter_V_2_1/Firmware/Interface_uC_Peripherical/C/tw_teach_pendant.c **** 	
 424:C:/Jarboter_V_2_1/Firmware/Interface_uC_Peripherical/C/tw_teach_pendant.c **** 	Trajectoryvectorpunto.point[0].axis[AxisElbow].position=EEpromPose->Pos_Elbow;
 337               	,0,424,.LM12-.LFBB1
 338               	.LM12:
 339 00c8 8A85      		ldd r24,Y+10
 340 00ca 9B85      		ldd r25,Y+11
 341 00cc AC85      		ldd r26,Y+12
 342 00ce BD85      		ldd r27,Y+13
 343 00d0 808F      		std Z+24,r24
 344 00d2 918F      		std Z+25,r25
 345 00d4 A28F      		std Z+26,r26
 346 00d6 B38F      		std Z+27,r27
 425:C:/Jarboter_V_2_1/Firmware/Interface_uC_Peripherical/C/tw_teach_pendant.c **** 	Trajectoryvectorpunto.point[0].axis[AxisElbow].velocity=//1151798;
 347               	,0,425,.LM13-.LFBB1
 348               	.LM13:
 349 00d8 8091 0000 		lds r24,hAxis+256
 350 00dc 9091 0000 		lds r25,(hAxis+256)+1
 351 00e0 A091 0000 		lds r26,(hAxis+256)+2
 352 00e4 B091 0000 		lds r27,(hAxis+256)+3
 353 00e8 848F      		std Z+28,r24
 354 00ea 958F      		std Z+29,r25
 355 00ec A68F      		std Z+30,r26
 356 00ee B78F      		std Z+31,r27
 426:C:/Jarboter_V_2_1/Firmware/Interface_uC_Peripherical/C/tw_teach_pendant.c **** 	hAxis[AxisElbow].axisSettings.homeVelocity;
 427:C:/Jarboter_V_2_1/Firmware/Interface_uC_Peripherical/C/tw_teach_pendant.c **** 	Trajectoryvectorpunto.point[0].axis[AxisElbow].acceleration=//395;
 357               	,0,427,.LM14-.LFBB1
 358               	.LM14:
 359 00f0 8091 0000 		lds r24,hAxis+260
 360 00f4 9091 0000 		lds r25,(hAxis+260)+1
 361 00f8 A091 0000 		lds r26,(hAxis+260)+2
 362 00fc B091 0000 		lds r27,(hAxis+260)+3
 363 0100 80A3      		std Z+32,r24
 364 0102 91A3      		std Z+33,r25
 365 0104 A2A3      		std Z+34,r26
 366 0106 B3A3      		std Z+35,r27
 428:C:/Jarboter_V_2_1/Firmware/Interface_uC_Peripherical/C/tw_teach_pendant.c **** 	hAxis[AxisElbow].axisSettings.homeAcceleration;
 429:C:/Jarboter_V_2_1/Firmware/Interface_uC_Peripherical/C/tw_teach_pendant.c **** 	
 430:C:/Jarboter_V_2_1/Firmware/Interface_uC_Peripherical/C/tw_teach_pendant.c **** 	Trajectoryvectorpunto.point[0].axis[AxisPitch].position=EEpromPose->Pos_Pitch;
 367               	,0,430,.LM15-.LFBB1
 368               	.LM15:
 369 0108 8E85      		ldd r24,Y+14
 370 010a 9F85      		ldd r25,Y+15
 371 010c A889      		ldd r26,Y+16
 372 010e B989      		ldd r27,Y+17
 373 0110 84A3      		std Z+36,r24
 374 0112 95A3      		std Z+37,r25
 375 0114 A6A3      		std Z+38,r26
 376 0116 B7A3      		std Z+39,r27
 431:C:/Jarboter_V_2_1/Firmware/Interface_uC_Peripherical/C/tw_teach_pendant.c **** 	Trajectoryvectorpunto.point[0].axis[AxisPitch].velocity=//108158;
 377               	,0,431,.LM16-.LFBB1
 378               	.LM16:
 379 0118 8091 0000 		lds r24,hAxis+64
 380 011c 9091 0000 		lds r25,(hAxis+64)+1
 381 0120 A091 0000 		lds r26,(hAxis+64)+2
 382 0124 B091 0000 		lds r27,(hAxis+64)+3
 383 0128 80A7      		std Z+40,r24
 384 012a 91A7      		std Z+41,r25
 385 012c A2A7      		std Z+42,r26
 386 012e B3A7      		std Z+43,r27
 432:C:/Jarboter_V_2_1/Firmware/Interface_uC_Peripherical/C/tw_teach_pendant.c **** 	hAxis[AxisWaist].axisSettings.homeVelocity;
 433:C:/Jarboter_V_2_1/Firmware/Interface_uC_Peripherical/C/tw_teach_pendant.c **** 	Trajectoryvectorpunto.point[0].axis[AxisPitch].acceleration=//49;
 387               	,0,433,.LM17-.LFBB1
 388               	.LM17:
 389 0130 8091 0000 		lds r24,hAxis+68
 390 0134 9091 0000 		lds r25,(hAxis+68)+1
 391 0138 A091 0000 		lds r26,(hAxis+68)+2
 392 013c B091 0000 		lds r27,(hAxis+68)+3
 393 0140 84A7      		std Z+44,r24
 394 0142 95A7      		std Z+45,r25
 395 0144 A6A7      		std Z+46,r26
 396 0146 B7A7      		std Z+47,r27
 434:C:/Jarboter_V_2_1/Firmware/Interface_uC_Peripherical/C/tw_teach_pendant.c **** 	hAxis[AxisWaist].axisSettings.homeAcceleration;
 435:C:/Jarboter_V_2_1/Firmware/Interface_uC_Peripherical/C/tw_teach_pendant.c **** 	
 436:C:/Jarboter_V_2_1/Firmware/Interface_uC_Peripherical/C/tw_teach_pendant.c **** 	Trajectoryvectorpunto.point[0].axis[AxisRoll].position=EEpromPose->Pos_Roll;
 397               	,0,436,.LM18-.LFBB1
 398               	.LM18:
 399 0148 8A89      		ldd r24,Y+18
 400 014a 9B89      		ldd r25,Y+19
 401 014c AC89      		ldd r26,Y+20
 402 014e BD89      		ldd r27,Y+21
 403 0150 80AB      		std Z+48,r24
 404 0152 91AB      		std Z+49,r25
 405 0154 A2AB      		std Z+50,r26
 406 0156 B3AB      		std Z+51,r27
 437:C:/Jarboter_V_2_1/Firmware/Interface_uC_Peripherical/C/tw_teach_pendant.c **** 	Trajectoryvectorpunto.point[0].axis[AxisRoll].velocity=//111316;   // 150000
 407               	,0,437,.LM19-.LFBB1
 408               	.LM19:
 409 0158 8091 0000 		lds r24,hAxis+448
 410 015c 9091 0000 		lds r25,(hAxis+448)+1
 411 0160 A091 0000 		lds r26,(hAxis+448)+2
 412 0164 B091 0000 		lds r27,(hAxis+448)+3
 413 0168 84AB      		std Z+52,r24
 414 016a 95AB      		std Z+53,r25
 415 016c A6AB      		std Z+54,r26
 416 016e B7AB      		std Z+55,r27
 438:C:/Jarboter_V_2_1/Firmware/Interface_uC_Peripherical/C/tw_teach_pendant.c **** 	hAxis[AxisRoll].axisSettings.homeVelocity;
 439:C:/Jarboter_V_2_1/Firmware/Interface_uC_Peripherical/C/tw_teach_pendant.c **** 	Trajectoryvectorpunto.point[0].axis[AxisRoll].acceleration=//33;  // 100
 417               	,0,439,.LM20-.LFBB1
 418               	.LM20:
 419 0170 8091 0000 		lds r24,hAxis+452
 420 0174 9091 0000 		lds r25,(hAxis+452)+1
 421 0178 A091 0000 		lds r26,(hAxis+452)+2
 422 017c B091 0000 		lds r27,(hAxis+452)+3
 423 0180 80AF      		std Z+56,r24
 424 0182 91AF      		std Z+57,r25
 425 0184 A2AF      		std Z+58,r26
 426 0186 B3AF      		std Z+59,r27
 440:C:/Jarboter_V_2_1/Firmware/Interface_uC_Peripherical/C/tw_teach_pendant.c **** 	hAxis[AxisRoll].axisSettings.homeAcceleration;
 441:C:/Jarboter_V_2_1/Firmware/Interface_uC_Peripherical/C/tw_teach_pendant.c **** 	
 442:C:/Jarboter_V_2_1/Firmware/Interface_uC_Peripherical/C/tw_teach_pendant.c **** 	FlagTrayecPuntook=1;
 427               	,0,442,.LM21-.LFBB1
 428               	.LM21:
 429 0188 3093 0000 		sts (FlagTrayecPuntook)+1,r19
 430 018c 2093 0000 		sts FlagTrayecPuntook,r18
 431               	/* epilogue start */
 443:C:/Jarboter_V_2_1/Firmware/Interface_uC_Peripherical/C/tw_teach_pendant.c **** 	
 444:C:/Jarboter_V_2_1/Firmware/Interface_uC_Peripherical/C/tw_teach_pendant.c **** }
 432               	bn	68,0,444,.LM22-.LFBB1
 433               	.LM22:
 434 0190 DF91      		pop r29
 435 0192 CF91      		pop r28
 436 0194 0895      		ret
 438               	.Lscope1:
 440               	.global	BorrarEEPROM
 442               	BorrarEEPROM:
 444               	.LM23:
 445               	.LFBB2:
 446 0196 DF93      		push r29
 447 0198 CF93      		push r28
 448 019a 00D0      		rcall .
 449 019c CDB7      		in r28,__SP_L__
 450 019e DEB7      		in r29,__SP_H__
 451               	/* prologue: function */
 452               	/* frame size = 2 */
 454               	.LM24:
 455 01a0 1A82      		std Y+2,__zero_reg__
 456 01a2 1982      		std Y+1,__zero_reg__
 458               	.LM25:
 459 01a4 60E0      		ldi r22,lo8(0)
 460 01a6 70E0      		ldi r23,hi8(0)
 461 01a8 80E0      		ldi r24,hlo8(0)
 462 01aa 90E0      		ldi r25,hhi8(0)
 463 01ac 42E0      		ldi r20,lo8(2)
 464 01ae 50E0      		ldi r21,hi8(2)
 465 01b0 9E01      		movw r18,r28
 466 01b2 2F5F      		subi r18,lo8(-(1))
 467 01b4 3F4F      		sbci r19,hi8(-(1))
 468 01b6 0E94 0000 		call ee24xx_write_bytes
 469               	/* epilogue start */
 471               	.LM26:
 472 01ba 0F90      		pop __tmp_reg__
 473 01bc 0F90      		pop __tmp_reg__
 474 01be CF91      		pop r28
 475 01c0 DF91      		pop r29
 476 01c2 0895      		ret
 481               	.Lscope2:
 483               	.global	Get_Num_Poses
 485               	Get_Num_Poses:
 487               	.LM27:
 488               	.LFBB3:
 489 01c4 DF93      		push r29
 490 01c6 CF93      		push r28
 491 01c8 00D0      		rcall .
 492 01ca CDB7      		in r28,__SP_L__
 493 01cc DEB7      		in r29,__SP_H__
 494               	/* prologue: function */
 495               	/* frame size = 2 */
 497               	.LM28:
 498 01ce 8FEF      		ldi r24,lo8(-1)
 499 01d0 9FEF      		ldi r25,hi8(-1)
 500 01d2 9A83      		std Y+2,r25
 501 01d4 8983      		std Y+1,r24
 503               	.LM29:
 504 01d6 60E0      		ldi r22,lo8(0)
 505 01d8 70E0      		ldi r23,hi8(0)
 506 01da 80E0      		ldi r24,hlo8(0)
 507 01dc 90E0      		ldi r25,hhi8(0)
 508 01de 42E0      		ldi r20,lo8(2)
 509 01e0 50E0      		ldi r21,hi8(2)
 510 01e2 9E01      		movw r18,r28
 511 01e4 2F5F      		subi r18,lo8(-(1))
 512 01e6 3F4F      		sbci r19,hi8(-(1))
 513 01e8 0E94 0000 		call ee24xx_read_bytes
 514 01ec 9C01      		movw r18,r24
 516               	.LM30:
 517 01ee 0097      		sbiw r24,0
 518 01f0 01F0      		breq .L7
 520               	.LM31:
 521 01f2 8981      		ldd r24,Y+1
 522 01f4 9A81      		ldd r25,Y+2
 523 01f6 46E1      		ldi r20,hi8(5696)
 524 01f8 8034      		cpi r24,lo8(5696)
 525 01fa 9407      		cpc r25,r20
 526 01fc 04F4      		brge .L7
 527 01fe 9C01      		movw r18,r24
 528               	.L7:
 530               	.LM32:
 531 0200 C901      		movw r24,r18
 532               	/* epilogue start */
 533 0202 0F90      		pop __tmp_reg__
 534 0204 0F90      		pop __tmp_reg__
 535 0206 CF91      		pop r28
 536 0208 DF91      		pop r29
 537 020a 0895      		ret
 543               	.Lscope3:
 546               	.global	Adicionar_PoseTWI
 548               	Adicionar_PoseTWI:
 550               	.LM33:
 551               	.LFBB4:
 552 020c 0F93      		push r16
 553 020e 1F93      		push r17
 554 0210 DF93      		push r29
 555 0212 CF93      		push r28
 556 0214 00D0      		rcall .
 557 0216 CDB7      		in r28,__SP_L__
 558 0218 DEB7      		in r29,__SP_H__
 559               	/* prologue: function */
 560               	/* frame size = 2 */
 562               	.LM34:
 563 021a 0E94 0000 		call Get_Num_Poses
 564 021e 8C01      		movw r16,r24
 566               	.LM35:
 567 0220 8FEF      		ldi r24,hi8(-1)
 568 0222 0F3F      		cpi r16,lo8(-1)
 569 0224 1807      		cpc r17,r24
 570 0226 01F4      		brne .L10
 571 0228 2FEF      		ldi r18,lo8(-1)
 572 022a 3FEF      		ldi r19,hi8(-1)
 573 022c 00C0      		rjmp .L11
 574               	.L10:
 576               	.LM36:
 577 022e B801      		movw r22,r16
 578 0230 8827      		clr r24
 579 0232 77FD      		sbrc r23,7
 580 0234 8095      		com r24
 581 0236 982F      		mov r25,r24
 582 0238 27E1      		ldi r18,lo8(23)
 583 023a 30E0      		ldi r19,hi8(23)
 584 023c 40E0      		ldi r20,hlo8(23)
 585 023e 50E0      		ldi r21,hhi8(23)
 586 0240 0E94 0000 		call __mulsi3
 587 0244 9B01      		movw r18,r22
 588 0246 AC01      		movw r20,r24
 589 0248 6E5F      		subi r22,lo8(-(2))
 590 024a 7F4F      		sbci r23,hi8(-(2))
 591 024c 8F4F      		sbci r24,hlo8(-(2))
 592 024e 9F4F      		sbci r25,hhi8(-(2))
 594               	.LM37:
 595 0250 EBE0      		ldi r30,hi8(2849)
 596 0252 0132      		cpi r16,lo8(2849)
 597 0254 1E07      		cpc r17,r30
 598 0256 04F0      		brlt .L12
 600               	.LM38:
 601 0258 CA01      		movw r24,r20
 602 025a B901      		movw r22,r18
 603 025c 675F      		subi r22,lo8(-(9))
 604 025e 7F4F      		sbci r23,hi8(-(9))
 605 0260 8F4F      		sbci r24,hlo8(-(9))
 606 0262 9F4F      		sbci r25,hhi8(-(9))
 607               	.L12:
 609               	.LM39:
 610 0264 1A83      		std Y+2,r17
 611 0266 0983      		std Y+1,r16
 613               	.LM40:
 614 0268 47E1      		ldi r20,lo8(23)
 615 026a 50E0      		ldi r21,hi8(23)
 616 026c 9E01      		movw r18,r28
 617 026e 275F      		subi r18,lo8(-(9))
 618 0270 3F4F      		sbci r19,hi8(-(9))
 619 0272 0E94 0000 		call ee24xx_write_bytes
 620 0276 9C01      		movw r18,r24
 622               	.LM41:
 623 0278 0097      		sbiw r24,0
 624 027a 01F0      		breq .L11
 626               	.LM42:
 627 027c 8981      		ldd r24,Y+1
 628 027e 9A81      		ldd r25,Y+2
 629 0280 0196      		adiw r24,1
 630 0282 9A83      		std Y+2,r25
 631 0284 8983      		std Y+1,r24
 633               	.LM43:
 634 0286 60E0      		ldi r22,lo8(0)
 635 0288 70E0      		ldi r23,hi8(0)
 636 028a 80E0      		ldi r24,hlo8(0)
 637 028c 90E0      		ldi r25,hhi8(0)
 638 028e 42E0      		ldi r20,lo8(2)
 639 0290 50E0      		ldi r21,hi8(2)
 640 0292 9E01      		movw r18,r28
 641 0294 2F5F      		subi r18,lo8(-(1))
 642 0296 3F4F      		sbci r19,hi8(-(1))
 643 0298 0E94 0000 		call ee24xx_write_bytes
 644 029c 9C01      		movw r18,r24
 645               	.L11:
 647               	.LM44:
 648 029e C901      		movw r24,r18
 649               	/* epilogue start */
 650 02a0 0F90      		pop __tmp_reg__
 651 02a2 0F90      		pop __tmp_reg__
 652 02a4 CF91      		pop r28
 653 02a6 DF91      		pop r29
 654 02a8 1F91      		pop r17
 655 02aa 0F91      		pop r16
 656 02ac 0895      		ret
 663               	.Lscope4:
 665               	.global	return_id_vector
 667               	return_id_vector:
 669               	.LM45:
 670               	.LFBB5:
 671 02ae 8F92      		push r8
 672 02b0 9F92      		push r9
 673 02b2 AF92      		push r10
 674 02b4 BF92      		push r11
 675 02b6 CF92      		push r12
 676 02b8 DF92      		push r13
 677 02ba EF92      		push r14
 678 02bc FF92      		push r15
 679 02be 0F93      		push r16
 680 02c0 1F93      		push r17
 681 02c2 DF93      		push r29
 682 02c4 CF93      		push r28
 683 02c6 00D0      		rcall .
 684 02c8 CDB7      		in r28,__SP_L__
 685 02ca DEB7      		in r29,__SP_H__
 686               	/* prologue: function */
 687               	/* frame size = 2 */
 689               	.LM46:
 690 02cc 0FEF      		ldi r16,lo8(-1)
 691 02ce 1FEF      		ldi r17,hi8(-1)
 692 02d0 1A83      		std Y+2,r17
 693 02d2 0983      		std Y+1,r16
 695               	.LM47:
 696 02d4 0E94 0000 		call Get_Num_Poses
 697 02d8 5C01      		movw r10,r24
 699               	.LM48:
 700 02da 1816      		cp __zero_reg__,r24
 701 02dc 1906      		cpc __zero_reg__,r25
 702 02de 04F0      		brlt .+2
 703 02e0 00C0      		rjmp .L15
 705               	.LM49:
 706 02e2 8C01      		movw r16,r24
 707 02e4 0F5F      		subi r16,lo8(-(1))
 708 02e6 1F4F      		sbci r17,hi8(-(1))
 709 02e8 C801      		movw r24,r16
 710 02ea 880F      		lsl r24
 711 02ec 991F      		rol r25
 712 02ee 0E94 0000 		call declarar
 713 02f2 FC01      		movw r30,r24
 714 02f4 9093 0000 		sts (id_vector)+1,r25
 715 02f8 8093 0000 		sts id_vector,r24
 717               	.LM50:
 718 02fc 1183      		std Z+1,r17
 719 02fe 0083      		st Z,r16
 720 0300 00E0      		ldi r16,lo8(0)
 721 0302 10E0      		ldi r17,hi8(0)
 722 0304 92E0      		ldi r25,lo8(2)
 723 0306 C92E      		mov r12,r25
 724 0308 D12C      		mov r13,__zero_reg__
 725 030a 82E0      		ldi r24,lo8(2)
 726 030c E82E      		mov r14,r24
 727 030e F12C      		mov r15,__zero_reg__
 729               	.LM51:
 730 0310 4E01      		movw r8,r28
 731 0312 0894      		sec
 732 0314 811C      		adc r8,__zero_reg__
 733 0316 911C      		adc r9,__zero_reg__
 734               	.L18:
 736               	.LM52:
 737 0318 B601      		movw r22,r12
 738 031a 80E0      		ldi r24,lo8(0)
 739 031c 90E0      		ldi r25,hi8(0)
 741               	.LM53:
 742 031e 2BE0      		ldi r18,hi8(2849)
 743 0320 0132      		cpi r16,lo8(2849)
 744 0322 1207      		cpc r17,r18
 745 0324 04F0      		brlt .L16
 747               	.LM54:
 748 0326 695F      		subi r22,lo8(-(7))
 749 0328 7F4F      		sbci r23,hi8(-(7))
 750 032a 8F4F      		sbci r24,hlo8(-(7))
 751 032c 9F4F      		sbci r25,hhi8(-(7))
 752               	.L16:
 754               	.LM55:
 755 032e 42E0      		ldi r20,lo8(2)
 756 0330 50E0      		ldi r21,hi8(2)
 757 0332 9401      		movw r18,r8
 758 0334 0E94 0000 		call ee24xx_read_bytes
 759 0338 9C01      		movw r18,r24
 761               	.LM56:
 762 033a 0097      		sbiw r24,0
 763 033c 01F0      		breq .L17
 765               	.LM57:
 766 033e E091 0000 		lds r30,id_vector
 767 0342 F091 0000 		lds r31,(id_vector)+1
 768 0346 EE0D      		add r30,r14
 769 0348 FF1D      		adc r31,r15
 770 034a 8981      		ldd r24,Y+1
 771 034c 9A81      		ldd r25,Y+2
 772 034e 9183      		std Z+1,r25
 773 0350 8083      		st Z,r24
 775               	.LM58:
 776 0352 0F5F      		subi r16,lo8(-(1))
 777 0354 1F4F      		sbci r17,hi8(-(1))
 778 0356 87E1      		ldi r24,lo8(23)
 779 0358 90E0      		ldi r25,hi8(23)
 780 035a C80E      		add r12,r24
 781 035c D91E      		adc r13,r25
 782 035e 82E0      		ldi r24,lo8(2)
 783 0360 90E0      		ldi r25,hi8(2)
 784 0362 E80E      		add r14,r24
 785 0364 F91E      		adc r15,r25
 786 0366 0A15      		cp r16,r10
 787 0368 1B05      		cpc r17,r11
 788 036a 04F0      		brlt .L18
 789 036c 21E0      		ldi r18,lo8(1)
 790 036e 30E0      		ldi r19,hi8(1)
 791 0370 00C0      		rjmp .L17
 792               	.L15:
 794               	.LM59:
 795 0372 84E0      		ldi r24,lo8(4)
 796 0374 90E0      		ldi r25,hi8(4)
 797 0376 0E94 0000 		call declarar
 798 037a FC01      		movw r30,r24
 799 037c 9093 0000 		sts (id_vector)+1,r25
 800 0380 8093 0000 		sts id_vector,r24
 802               	.LM60:
 803 0384 82E0      		ldi r24,lo8(2)
 804 0386 90E0      		ldi r25,hi8(2)
 805 0388 9183      		std Z+1,r25
 806 038a 8083      		st Z,r24
 808               	.LM61:
 809 038c 1383      		std Z+3,r17
 810 038e 0283      		std Z+2,r16
 811 0390 20E0      		ldi r18,lo8(0)
 812 0392 30E0      		ldi r19,hi8(0)
 813               	.L17:
 815               	.LM62:
 816 0394 C901      		movw r24,r18
 817               	/* epilogue start */
 818 0396 0F90      		pop __tmp_reg__
 819 0398 0F90      		pop __tmp_reg__
 820 039a CF91      		pop r28
 821 039c DF91      		pop r29
 822 039e 1F91      		pop r17
 823 03a0 0F91      		pop r16
 824 03a2 FF90      		pop r15
 825 03a4 EF90      		pop r14
 826 03a6 DF90      		pop r13
 827 03a8 CF90      		pop r12
 828 03aa BF90      		pop r11
 829 03ac AF90      		pop r10
 830 03ae 9F90      		pop r9
 831 03b0 8F90      		pop r8
 832 03b2 0895      		ret
 841               	.Lscope5:
 844               	.global	Found_Id
 846               	Found_Id:
 848               	.LM63:
 849               	.LFBB6:
 850 03b4 4F92      		push r4
 851 03b6 5F92      		push r5
 852 03b8 6F92      		push r6
 853 03ba 7F92      		push r7
 854 03bc 8F92      		push r8
 855 03be 9F92      		push r9
 856 03c0 AF92      		push r10
 857 03c2 BF92      		push r11
 858 03c4 CF92      		push r12
 859 03c6 DF92      		push r13
 860 03c8 EF92      		push r14
 861 03ca FF92      		push r15
 862 03cc 0F93      		push r16
 863 03ce 1F93      		push r17
 864 03d0 DF93      		push r29
 865 03d2 CF93      		push r28
 866 03d4 00D0      		rcall .
 867 03d6 CDB7      		in r28,__SP_L__
 868 03d8 DEB7      		in r29,__SP_H__
 869               	/* prologue: function */
 870               	/* frame size = 2 */
 871 03da 3C01      		movw r6,r24
 873               	.LM64:
 874 03dc 8FEF      		ldi r24,lo8(-1)
 875 03de 9FEF      		ldi r25,hi8(-1)
 876 03e0 9A83      		std Y+2,r25
 877 03e2 8983      		std Y+1,r24
 879               	.LM65:
 880 03e4 0E94 0000 		call Get_Num_Poses
 881 03e8 4C01      		movw r8,r24
 883               	.LM66:
 884 03ea 1816      		cp __zero_reg__,r24
 885 03ec 1906      		cpc __zero_reg__,r25
 886 03ee 04F4      		brge .L22
 887 03f0 CC24      		clr r12
 888 03f2 DD24      		clr r13
 889 03f4 32E0      		ldi r19,lo8(2)
 890 03f6 A32E      		mov r10,r19
 891 03f8 B12C      		mov r11,__zero_reg__
 893               	.LM67:
 894 03fa 2E01      		movw r4,r28
 895 03fc 0894      		sec
 896 03fe 411C      		adc r4,__zero_reg__
 897 0400 511C      		adc r5,__zero_reg__
 898               	.L26:
 900               	.LM68:
 901 0402 7501      		movw r14,r10
 902 0404 00E0      		ldi r16,lo8(0)
 903 0406 10E0      		ldi r17,hi8(0)
 905               	.LM69:
 906 0408 21E2      		ldi r18,lo8(2849)
 907 040a C216      		cp r12,r18
 908 040c 2BE0      		ldi r18,hi8(2849)
 909 040e D206      		cpc r13,r18
 910 0410 04F0      		brlt .L23
 912               	.LM70:
 913 0412 87E0      		ldi r24,lo8(7)
 914 0414 90E0      		ldi r25,hi8(7)
 915 0416 A0E0      		ldi r26,hlo8(7)
 916 0418 B0E0      		ldi r27,hhi8(7)
 917 041a E80E      		add r14,r24
 918 041c F91E      		adc r15,r25
 919 041e 0A1F      		adc r16,r26
 920 0420 1B1F      		adc r17,r27
 921               	.L23:
 923               	.LM71:
 924 0422 C801      		movw r24,r16
 925 0424 B701      		movw r22,r14
 926 0426 42E0      		ldi r20,lo8(2)
 927 0428 50E0      		ldi r21,hi8(2)
 928 042a 9201      		movw r18,r4
 929 042c 0E94 0000 		call ee24xx_read_bytes
 931               	.LM72:
 932 0430 8F5F      		subi r24,lo8(-1)
 933 0432 9F4F      		sbci r25,hi8(-1)
 934 0434 01F0      		breq .L22
 936               	.LM73:
 937 0436 8981      		ldd r24,Y+1
 938 0438 9A81      		ldd r25,Y+2
 939 043a 6816      		cp r6,r24
 940 043c 7906      		cpc r7,r25
 941 043e 01F4      		brne .L24
 942 0440 A801      		movw r20,r16
 943 0442 9701      		movw r18,r14
 944 0444 00C0      		rjmp .L25
 945               	.L24:
 947               	.LM74:
 948 0446 0894      		sec
 949 0448 C11C      		adc r12,__zero_reg__
 950 044a D11C      		adc r13,__zero_reg__
 951 044c 87E1      		ldi r24,lo8(23)
 952 044e 90E0      		ldi r25,hi8(23)
 953 0450 A80E      		add r10,r24
 954 0452 B91E      		adc r11,r25
 955 0454 C814      		cp r12,r8
 956 0456 D904      		cpc r13,r9
 957 0458 04F0      		brlt .L26
 958               	.L22:
 959 045a 2FEF      		ldi r18,lo8(-1)
 960 045c 3FEF      		ldi r19,hi8(-1)
 961 045e 4FEF      		ldi r20,hlo8(-1)
 962 0460 5FEF      		ldi r21,hhi8(-1)
 963               	.L25:
 965               	.LM75:
 966 0462 B901      		movw r22,r18
 967 0464 CA01      		movw r24,r20
 968               	/* epilogue start */
 969 0466 0F90      		pop __tmp_reg__
 970 0468 0F90      		pop __tmp_reg__
 971 046a CF91      		pop r28
 972 046c DF91      		pop r29
 973 046e 1F91      		pop r17
 974 0470 0F91      		pop r16
 975 0472 FF90      		pop r15
 976 0474 EF90      		pop r14
 977 0476 DF90      		pop r13
 978 0478 CF90      		pop r12
 979 047a BF90      		pop r11
 980 047c AF90      		pop r10
 981 047e 9F90      		pop r9
 982 0480 8F90      		pop r8
 983 0482 7F90      		pop r7
 984 0484 6F90      		pop r6
 985 0486 5F90      		pop r5
 986 0488 4F90      		pop r4
 987 048a 0895      		ret
 996               	.Lscope6:
 999               	.global	SobreEscribir_Pose
 1001               	SobreEscribir_Pose:
 1003               	.LM76:
 1004               	.LFBB7:
 1005 048c DF93      		push r29
 1006 048e CF93      		push r28
 1007 0490 CDB7      		in r28,__SP_L__
 1008 0492 DEB7      		in r29,__SP_H__
 1009               	/* prologue: function */
 1010               	/* frame size = 0 */
 1012               	.LM77:
 1013 0494 8D81      		ldd r24,Y+5
 1014 0496 9E81      		ldd r25,Y+6
 1015 0498 0E94 0000 		call Found_Id
 1017               	.LM78:
 1018 049c 6230      		cpi r22,lo8(2)
 1019 049e 7105      		cpc r23,__zero_reg__
 1020 04a0 8105      		cpc r24,__zero_reg__
 1021 04a2 9105      		cpc r25,__zero_reg__
 1022 04a4 04F4      		brge .L30
 1023 04a6 2FEF      		ldi r18,lo8(-1)
 1024 04a8 3FEF      		ldi r19,hi8(-1)
 1025 04aa 00C0      		rjmp .L31
 1026               	.L30:
 1028               	.LM79:
 1029 04ac 47E1      		ldi r20,lo8(23)
 1030 04ae 50E0      		ldi r21,hi8(23)
 1031 04b0 9E01      		movw r18,r28
 1032 04b2 2B5F      		subi r18,lo8(-(5))
 1033 04b4 3F4F      		sbci r19,hi8(-(5))
 1034 04b6 0E94 0000 		call ee24xx_write_bytes
 1035 04ba 9C01      		movw r18,r24
 1036               	.L31:
 1038               	.LM80:
 1039 04bc C901      		movw r24,r18
 1040               	/* epilogue start */
 1041 04be CF91      		pop r28
 1042 04c0 DF91      		pop r29
 1043 04c2 0895      		ret
 1049               	.Lscope7:
 1053               	.global	Leer_PoseTWI
 1055               	Leer_PoseTWI:
 1057               	.LM81:
 1058               	.LFBB8:
 1059 04c4 CF93      		push r28
 1060 04c6 DF93      		push r29
 1061               	/* prologue: function */
 1062               	/* frame size = 0 */
 1063 04c8 EB01      		movw r28,r22
 1065               	.LM82:
 1066 04ca 0E94 0000 		call Found_Id
 1068               	.LM83:
 1069 04ce 6230      		cpi r22,lo8(2)
 1070 04d0 7105      		cpc r23,__zero_reg__
 1071 04d2 8105      		cpc r24,__zero_reg__
 1072 04d4 9105      		cpc r25,__zero_reg__
 1073 04d6 04F4      		brge .L34
 1074 04d8 2FEF      		ldi r18,lo8(-1)
 1075 04da 3FEF      		ldi r19,hi8(-1)
 1076 04dc 00C0      		rjmp .L35
 1077               	.L34:
 1079               	.LM84:
 1080 04de 47E1      		ldi r20,lo8(23)
 1081 04e0 50E0      		ldi r21,hi8(23)
 1082 04e2 9E01      		movw r18,r28
 1083 04e4 0E94 0000 		call ee24xx_read_bytes
 1084 04e8 9C01      		movw r18,r24
 1085               	.L35:
 1087               	.LM85:
 1088 04ea C901      		movw r24,r18
 1089               	/* epilogue start */
 1090 04ec DF91      		pop r29
 1091 04ee CF91      		pop r28
 1092 04f0 0895      		ret
 1098               	.Lscope8:
 1099               		.data
 1100               	.LC0:
 1101 0000 5665 6374 		.string	"Vector2Trajectory=> Trajectoryvector.size= %d\n"
 1101      6F72 3254 
 1101      7261 6A65 
 1101      6374 6F72 
 1101      793D 3E20 
 1102               	.LC1:
 1103 002f 5665 6374 		.string	"Vector2Trajectory=> Trajectoryvector.invalidmask= = %d\n"
 1103      6F72 3254 
 1103      7261 6A65 
 1103      6374 6F72 
 1103      793D 3E20 
 1104               		.text
 1107               	.global	Vector2Trajectory
 1109               	Vector2Trajectory:
 1111               	.LM86:
 1112               	.LFBB9:
 1113 04f2 2F92      		push r2
 1114 04f4 3F92      		push r3
 1115 04f6 4F92      		push r4
 1116 04f8 5F92      		push r5
 1117 04fa 6F92      		push r6
 1118 04fc 7F92      		push r7
 1119 04fe 8F92      		push r8
 1120 0500 9F92      		push r9
 1121 0502 AF92      		push r10
 1122 0504 BF92      		push r11
 1123 0506 CF92      		push r12
 1124 0508 DF92      		push r13
 1125 050a EF92      		push r14
 1126 050c FF92      		push r15
 1127 050e 0F93      		push r16
 1128 0510 1F93      		push r17
 1129 0512 DF93      		push r29
 1130 0514 CF93      		push r28
 1131 0516 CDB7      		in r28,__SP_L__
 1132 0518 DEB7      		in r29,__SP_H__
 1133 051a 6797      		sbiw r28,23
 1134 051c 0FB6      		in __tmp_reg__,__SREG__
 1135 051e F894      		cli
 1136 0520 DEBF      		out __SP_H__,r29
 1137 0522 0FBE      		out __SREG__,__tmp_reg__
 1138 0524 CDBF      		out __SP_L__,r28
 1139               	/* prologue: function */
 1140               	/* frame size = 23 */
 1141 0526 8C01      		movw r16,r24
 1143               	.LM87:
 1144 0528 DC01      		movw r26,r24
 1145 052a 8D90      		ld r8,X+
 1146 052c 9C90      		ld r9,X
 1148               	.LM88:
 1149 052e 8091 0000 		lds r24,FlagrxVectorok
 1150 0532 9091 0000 		lds r25,(FlagrxVectorok)+1
 1151 0536 892B      		or r24,r25
 1152 0538 01F0      		breq .L38
 1154               	.LM89:
 1155 053a 8091 0000 		lds r24,Trajectoryvector+4
 1156 053e 9091 0000 		lds r25,(Trajectoryvector+4)+1
 1157 0542 0E94 0000 		call free
 1158               	.L38:
 1160               	.LM90:
 1161 0546 8DE3      		ldi r24,lo8(61)
 1162 0548 90E0      		ldi r25,hi8(61)
 1163 054a FC01      		movw r30,r24
 1164 054c 8E9E      		mul r8,r30
 1165 054e C001      		movw r24,r0
 1166 0550 8F9E      		mul r8,r31
 1167 0552 900D      		add r25,r0
 1168 0554 9E9E      		mul r9,r30
 1169 0556 900D      		add r25,r0
 1170 0558 1124      		clr r1
 1171 055a 0E94 0000 		call declarar
 1172 055e 9093 0000 		sts (Trajectoryvector+4)+1,r25
 1173 0562 8093 0000 		sts Trajectoryvector+4,r24
 1175               	.LM91:
 1176 0566 9401      		movw r18,r8
 1177 0568 2150      		subi r18,lo8(-(-1))
 1178 056a 3040      		sbci r19,hi8(-(-1))
 1179 056c 3093 0000 		sts (Trajectoryvector)+1,r19
 1180 0570 2093 0000 		sts Trajectoryvector,r18
 1182               	.LM92:
 1183 0574 8FE1      		ldi r24,lo8(31)
 1184 0576 90E0      		ldi r25,hi8(31)
 1185 0578 9093 0000 		sts (Trajectoryvector+2)+1,r25
 1186 057c 8093 0000 		sts Trajectoryvector+2,r24
 1188               	.LM93:
 1189 0580 00D0      		rcall .
 1190 0582 00D0      		rcall .
 1191 0584 80E0      		ldi r24,lo8(.LC0)
 1192 0586 90E0      		ldi r25,hi8(.LC0)
 1193 0588 ADB7      		in r26,__SP_L__
 1194 058a BEB7      		in r27,__SP_H__
 1195 058c 1296      		adiw r26,1+1
 1196 058e 9C93      		st X,r25
 1197 0590 8E93      		st -X,r24
 1198 0592 1197      		sbiw r26,1
 1199 0594 1496      		adiw r26,3+1
 1200 0596 3C93      		st X,r19
 1201 0598 2E93      		st -X,r18
 1202 059a 1397      		sbiw r26,3
 1203 059c 0E94 0000 		call printf
 1205               	.LM94:
 1206 05a0 80E0      		ldi r24,lo8(.LC1)
 1207 05a2 90E0      		ldi r25,hi8(.LC1)
 1208 05a4 EDB7      		in r30,__SP_L__
 1209 05a6 FEB7      		in r31,__SP_H__
 1210 05a8 9283      		std Z+2,r25
 1211 05aa 8183      		std Z+1,r24
 1212 05ac 8091 0000 		lds r24,Trajectoryvector+2
 1213 05b0 9091 0000 		lds r25,(Trajectoryvector+2)+1
 1214 05b4 9483      		std Z+4,r25
 1215 05b6 8383      		std Z+3,r24
 1216 05b8 0E94 0000 		call printf
 1217 05bc 5801      		movw r10,r16
 1218 05be 11E0      		ldi r17,lo8(1)
 1219 05c0 C12E      		mov r12,r17
 1220 05c2 D12C      		mov r13,__zero_reg__
 1221 05c4 EE24      		clr r14
 1222 05c6 FF24      		clr r15
 1223 05c8 0F90      		pop __tmp_reg__
 1224 05ca 0F90      		pop __tmp_reg__
 1225 05cc 0F90      		pop __tmp_reg__
 1226 05ce 0F90      		pop __tmp_reg__
 1228               	.LM95:
 1229 05d0 3E01      		movw r6,r28
 1230 05d2 0894      		sec
 1231 05d4 611C      		adc r6,__zero_reg__
 1232 05d6 711C      		adc r7,__zero_reg__
 1233 05d8 00C0      		rjmp .L39
 1234               	.L43:
 1235 05da D501      		movw r26,r10
 1236 05dc 1296      		adiw r26,2
 1237 05de 8D91      		ld r24,X+
 1238 05e0 9C91      		ld r25,X
 1239 05e2 1397      		sbiw r26,2+1
 1240 05e4 B301      		movw r22,r6
 1241 05e6 0E94 0000 		call Leer_PoseTWI
 1243               	.LM96:
 1244 05ea 1816      		cp __zero_reg__,r24
 1245 05ec 1906      		cpc __zero_reg__,r25
 1246 05ee 04F0      		brlt .L40
 1247 05f0 2FEF      		ldi r18,lo8(-1)
 1248 05f2 3FEF      		ldi r19,hi8(-1)
 1249 05f4 00C0      		rjmp .L41
 1250               	.L40:
 1252               	.LM97:
 1253 05f6 E091 0000 		lds r30,Trajectoryvector+4
 1254 05fa F091 0000 		lds r31,(Trajectoryvector+4)+1
 1255 05fe EE0D      		add r30,r14
 1256 0600 FF1D      		adc r31,r15
 1257 0602 8B81      		ldd r24,Y+3
 1258 0604 9C81      		ldd r25,Y+4
 1259 0606 AD81      		ldd r26,Y+5
 1260 0608 BE81      		ldd r27,Y+6
 1261 060a 8083      		st Z,r24
 1262 060c 9183      		std Z+1,r25
 1263 060e A283      		std Z+2,r26
 1264 0610 B383      		std Z+3,r27
 1266               	.LM98:
 1267 0612 8F81      		ldd r24,Y+7
 1268 0614 9885      		ldd r25,Y+8
 1269 0616 A985      		ldd r26,Y+9
 1270 0618 BA85      		ldd r27,Y+10
 1271 061a 8487      		std Z+12,r24
 1272 061c 9587      		std Z+13,r25
 1273 061e A687      		std Z+14,r26
 1274 0620 B787      		std Z+15,r27
 1276               	.LM99:
 1277 0622 8B85      		ldd r24,Y+11
 1278 0624 9C85      		ldd r25,Y+12
 1279 0626 AD85      		ldd r26,Y+13
 1280 0628 BE85      		ldd r27,Y+14
 1281 062a 808F      		std Z+24,r24
 1282 062c 918F      		std Z+25,r25
 1283 062e A28F      		std Z+26,r26
 1284 0630 B38F      		std Z+27,r27
 1286               	.LM100:
 1287 0632 8F85      		ldd r24,Y+15
 1288 0634 9889      		ldd r25,Y+16
 1289 0636 A989      		ldd r26,Y+17
 1290 0638 BA89      		ldd r27,Y+18
 1291 063a 84A3      		std Z+36,r24
 1292 063c 95A3      		std Z+37,r25
 1293 063e A6A3      		std Z+38,r26
 1294 0640 B7A3      		std Z+39,r27
 1296               	.LM101:
 1297 0642 8B89      		ldd r24,Y+19
 1298 0644 9C89      		ldd r25,Y+20
 1299 0646 AD89      		ldd r26,Y+21
 1300 0648 BE89      		ldd r27,Y+22
 1301 064a 80AB      		std Z+48,r24
 1302 064c 91AB      		std Z+49,r25
 1303 064e A2AB      		std Z+50,r26
 1304 0650 B3AB      		std Z+51,r27
 1306               	.LM102:
 1307 0652 8F89      		ldd r24,Y+23
 1308 0654 84AF      		std Z+60,r24
 1309 0656 00E0      		ldi r16,lo8(hAxis+64)
 1310 0658 10E0      		ldi r17,hi8(hAxis+64)
 1311 065a 60E0      		ldi r22,lo8(0)
 1312 065c 70E0      		ldi r23,hi8(0)
 1313               	.L42:
 1315               	.LM103:
 1316 065e 4091 0000 		lds r20,Trajectoryvector+4
 1317 0662 5091 0000 		lds r21,(Trajectoryvector+4)+1
 1318 0666 4E0D      		add r20,r14
 1319 0668 5F1D      		adc r21,r15
 1320 066a 9B01      		movw r18,r22
 1321 066c 220F      		lsl r18
 1322 066e 331F      		rol r19
 1323 0670 260F      		add r18,r22
 1324 0672 371F      		adc r19,r23
 1325 0674 F901      		movw r30,r18
 1326 0676 3196      		adiw r30,1
 1327 0678 EE0F      		lsl r30
 1328 067a FF1F      		rol r31
 1329 067c EE0F      		lsl r30
 1330 067e FF1F      		rol r31
 1331 0680 E40F      		add r30,r20
 1332 0682 F51F      		adc r31,r21
 1333 0684 D801      		movw r26,r16
 1334 0686 2D90      		ld r2,X+
 1335 0688 3D90      		ld r3,X+
 1336 068a 4D90      		ld r4,X+
 1337 068c 5C90      		ld r5,X
 1338 068e 1397      		sbiw r26,3
 1339 0690 2082      		st Z,r2
 1340 0692 3182      		std Z+1,r3
 1341 0694 4282      		std Z+2,r4
 1342 0696 5382      		std Z+3,r5
 1344               	.LM104:
 1345 0698 220F      		lsl r18
 1346 069a 331F      		rol r19
 1347 069c 220F      		lsl r18
 1348 069e 331F      		rol r19
 1349 06a0 420F      		add r20,r18
 1350 06a2 531F      		adc r21,r19
 1351 06a4 1496      		adiw r26,4
 1352 06a6 8D91      		ld r24,X+
 1353 06a8 9D91      		ld r25,X+
 1354 06aa 0D90      		ld __tmp_reg__,X+
 1355 06ac BC91      		ld r27,X
 1356 06ae A02D      		mov r26,__tmp_reg__
 1357 06b0 FA01      		movw r30,r20
 1358 06b2 8087      		std Z+8,r24
 1359 06b4 9187      		std Z+9,r25
 1360 06b6 A287      		std Z+10,r26
 1361 06b8 B387      		std Z+11,r27
 1363               	.LM105:
 1364 06ba 6F5F      		subi r22,lo8(-(1))
 1365 06bc 7F4F      		sbci r23,hi8(-(1))
 1366 06be 005A      		subi r16,lo8(-(96))
 1367 06c0 1F4F      		sbci r17,hi8(-(96))
 1368 06c2 6530      		cpi r22,5
 1369 06c4 7105      		cpc r23,__zero_reg__
 1370 06c6 01F4      		brne .L42
 1372               	.LM106:
 1373 06c8 0894      		sec
 1374 06ca C11C      		adc r12,__zero_reg__
 1375 06cc D11C      		adc r13,__zero_reg__
 1376 06ce 2DE3      		ldi r18,lo8(61)
 1377 06d0 30E0      		ldi r19,hi8(61)
 1378 06d2 E20E      		add r14,r18
 1379 06d4 F31E      		adc r15,r19
 1380 06d6 82E0      		ldi r24,lo8(2)
 1381 06d8 90E0      		ldi r25,hi8(2)
 1382 06da A80E      		add r10,r24
 1383 06dc B91E      		adc r11,r25
 1384               	.L39:
 1385 06de C814      		cp r12,r8
 1386 06e0 D904      		cpc r13,r9
 1387 06e2 04F4      		brge .+2
 1388 06e4 00C0      		rjmp .L43
 1389 06e6 20E0      		ldi r18,lo8(0)
 1390 06e8 30E0      		ldi r19,hi8(0)
 1391               	.L41:
 1393               	.LM107:
 1394 06ea C901      		movw r24,r18
 1395               	/* epilogue start */
 1396 06ec 6796      		adiw r28,23
 1397 06ee 0FB6      		in __tmp_reg__,__SREG__
 1398 06f0 F894      		cli
 1399 06f2 DEBF      		out __SP_H__,r29
 1400 06f4 0FBE      		out __SREG__,__tmp_reg__
 1401 06f6 CDBF      		out __SP_L__,r28
 1402 06f8 CF91      		pop r28
 1403 06fa DF91      		pop r29
 1404 06fc 1F91      		pop r17
 1405 06fe 0F91      		pop r16
 1406 0700 FF90      		pop r15
 1407 0702 EF90      		pop r14
 1408 0704 DF90      		pop r13
 1409 0706 CF90      		pop r12
 1410 0708 BF90      		pop r11
 1411 070a AF90      		pop r10
 1412 070c 9F90      		pop r9
 1413 070e 8F90      		pop r8
 1414 0710 7F90      		pop r7
 1415 0712 6F90      		pop r6
 1416 0714 5F90      		pop r5
 1417 0716 4F90      		pop r4
 1418 0718 3F90      		pop r3
 1419 071a 2F90      		pop r2
 1420 071c 0895      		ret
 1427               	.Lscope9:
 1428               	.global	FlagTrayecPuntook
 1429               	.global	FlagTrayecPuntook
 1430               		.section .bss
 1433               	FlagTrayecPuntook:
 1434 0000 0000      		.skip 2,0
 1435               		.comm rxAxisSettings,340,1
 1436               		.comm rxTraceBuffer,2,1
 1437               		.comm rxPosesActual,2,1
 1438               		.comm id_vector,2,1
 1439               		.comm Trajectoryvector,6,1
 1440               		.comm Trajectoryvectorpunto,6,1
 1448               		.text
 1450               	.Letext0:
 1451               	.global __do_copy_data
 1452               	.global __do_clear_bss
DEFINED SYMBOLS
                            *ABS*:00000000 tw_teach_pendant.c
C:\DOCUME~1\David\LOCALS~1\Temp/ccfByx8C.s:2      *ABS*:0000003f __SREG__
C:\DOCUME~1\David\LOCALS~1\Temp/ccfByx8C.s:3      *ABS*:0000003e __SP_H__
C:\DOCUME~1\David\LOCALS~1\Temp/ccfByx8C.s:4      *ABS*:0000003d __SP_L__
C:\DOCUME~1\David\LOCALS~1\Temp/ccfByx8C.s:5      *ABS*:00000034 __CCP__
C:\DOCUME~1\David\LOCALS~1\Temp/ccfByx8C.s:6      *ABS*:00000000 __tmp_reg__
C:\DOCUME~1\David\LOCALS~1\Temp/ccfByx8C.s:7      *ABS*:00000001 __zero_reg__
C:\DOCUME~1\David\LOCALS~1\Temp/ccfByx8C.s:236    .text:00000000 Pose2rxTrayectoria
C:\DOCUME~1\David\LOCALS~1\Temp/ccfByx8C.s:1433   .bss:00000000 FlagTrayecPuntook
                            *COM*:00000006 Trajectoryvectorpunto
C:\DOCUME~1\David\LOCALS~1\Temp/ccfByx8C.s:442    .text:00000196 BorrarEEPROM
C:\DOCUME~1\David\LOCALS~1\Temp/ccfByx8C.s:485    .text:000001c4 Get_Num_Poses
C:\DOCUME~1\David\LOCALS~1\Temp/ccfByx8C.s:548    .text:0000020c Adicionar_PoseTWI
C:\DOCUME~1\David\LOCALS~1\Temp/ccfByx8C.s:667    .text:000002ae return_id_vector
                            *COM*:00000002 id_vector
C:\DOCUME~1\David\LOCALS~1\Temp/ccfByx8C.s:846    .text:000003b4 Found_Id
C:\DOCUME~1\David\LOCALS~1\Temp/ccfByx8C.s:1001   .text:0000048c SobreEscribir_Pose
C:\DOCUME~1\David\LOCALS~1\Temp/ccfByx8C.s:1055   .text:000004c4 Leer_PoseTWI
C:\DOCUME~1\David\LOCALS~1\Temp/ccfByx8C.s:1109   .text:000004f2 Vector2Trajectory
                            *COM*:00000006 Trajectoryvector
                            *COM*:00000154 rxAxisSettings
                            *COM*:00000002 rxTraceBuffer
                            *COM*:00000002 rxPosesActual

UNDEFINED SYMBOLS
free
declarar
hAxis
ee24xx_write_bytes
ee24xx_read_bytes
__mulsi3
FlagrxVectorok
printf
__do_copy_data
__do_clear_bss
